2023-10-17T01:05:23.358+05:30  WARN 19452 --- [HikariPool-1 housekeeper] com.zaxxer.hikari.pool.HikariPool        : HikariPool-1 - Thread starvation or clock leap detected (housekeeper delta=1h16m58s680ms).
2023-10-17T02:31:13.389+05:30  WARN 19452 --- [HikariPool-1 housekeeper] com.zaxxer.hikari.pool.HikariPool        : HikariPool-1 - Thread starvation or clock leap detected (housekeeper delta=1h25m50s31ms).
2023-10-17T04:15:25.069+05:30  WARN 19452 --- [HikariPool-1 housekeeper] com.zaxxer.hikari.pool.HikariPool        : HikariPool-1 - Thread starvation or clock leap detected (housekeeper delta=1h44m11s680ms).
2023-10-17T04:48:10.809+05:30  WARN 19452 --- [HikariPool-1 housekeeper] com.zaxxer.hikari.pool.HikariPool        : HikariPool-1 - Thread starvation or clock leap detected (housekeeper delta=32m45s740ms).
2023-10-17T04:53:23.768+05:30  WARN 19452 --- [HikariPool-1 housekeeper] com.zaxxer.hikari.pool.HikariPool        : HikariPool-1 - Thread starvation or clock leap detected (housekeeper delta=5m12s959ms).
2023-10-17T05:26:59.013+05:30  WARN 19452 --- [HikariPool-1 housekeeper] com.zaxxer.hikari.pool.HikariPool        : HikariPool-1 - Thread starvation or clock leap detected (housekeeper delta=33m35s245ms).
2023-10-17T06:48:26.976+05:30  WARN 19452 --- [HikariPool-1 housekeeper] com.zaxxer.hikari.pool.HikariPool        : HikariPool-1 - Thread starvation or clock leap detected (housekeeper delta=1h21m27s963ms).
2023-10-17T07:43:33.509+05:30  WARN 19452 --- [HikariPool-1 housekeeper] com.zaxxer.hikari.pool.HikariPool        : HikariPool-1 - Thread starvation or clock leap detected (housekeeper delta=55m6s532ms).
2023-10-17T08:22:17.165+05:30  INFO 19452 --- [File Watcher] rtingClassPathChangeChangedEventListener : Restarting due to 65 class path changes (0 additions, 63 deletions, 2 modifications)
2023-10-17T08:22:17.171+05:30  INFO 19452 --- [Thread-5] o.apache.catalina.core.StandardService   : Stopping service [Tomcat]
2023-10-17T08:22:17.172+05:30  INFO 19452 --- [Thread-5] o.a.c.c.C.[Tomcat].[localhost].[/]       : Destroying Spring FrameworkServlet 'dispatcherServlet'
2023-10-17T08:22:17.174+05:30  WARN 19452 --- [Thread-5] o.a.c.loader.WebappClassLoaderBase       : The web application [ROOT] appears to have started a thread named [HikariPool-1 housekeeper] but has failed to stop it. This is very likely to create a memory leak. Stack trace of thread:
 java.base/jdk.internal.misc.Unsafe.park(Native Method)
 java.base/java.util.concurrent.locks.LockSupport.parkNanos(LockSupport.java:269)
 java.base/java.util.concurrent.locks.AbstractQueuedSynchronizer$ConditionObject.awaitNanos(AbstractQueuedSynchronizer.java:1758)
 java.base/java.util.concurrent.ScheduledThreadPoolExecutor$DelayedWorkQueue.take(ScheduledThreadPoolExecutor.java:1182)
 java.base/java.util.concurrent.ScheduledThreadPoolExecutor$DelayedWorkQueue.take(ScheduledThreadPoolExecutor.java:899)
 java.base/java.util.concurrent.ThreadPoolExecutor.getTask(ThreadPoolExecutor.java:1070)
 java.base/java.util.concurrent.ThreadPoolExecutor.runWorker(ThreadPoolExecutor.java:1130)
 java.base/java.util.concurrent.ThreadPoolExecutor$Worker.run(ThreadPoolExecutor.java:642)
 java.base/java.lang.Thread.run(Thread.java:1623)
2023-10-17T08:22:17.178+05:30  INFO 19452 --- [Thread-5] j.LocalContainerEntityManagerFactoryBean : Closing JPA EntityManagerFactory for persistence unit 'default'
2023-10-17T08:22:17.184+05:30  INFO 19452 --- [Thread-5] com.zaxxer.hikari.HikariDataSource       : HikariPool-1 - Shutdown initiated...
2023-10-17T08:22:17.187+05:30  INFO 19452 --- [Thread-5] com.zaxxer.hikari.HikariDataSource       : HikariPool-1 - Shutdown completed.
2023-10-17T08:22:17.238+05:30  INFO 19452 --- [restartedMain] com.example.demo.SuperApplication        : Starting SuperApplication using Java 20.0.2 with PID 19452 (/Users/naveenraja/Bringo2/java-spring-training-2023/super/target/classes started by naveenraja in /Users/naveenraja/Bringo2/java-spring-training-2023/super)
2023-10-17T08:22:17.238+05:30  INFO 19452 --- [restartedMain] com.example.demo.SuperApplication        : No active profile set, falling back to 1 default profile: "default"
2023-10-17T08:22:17.309+05:30  INFO 19452 --- [restartedMain] .s.d.r.c.RepositoryConfigurationDelegate : Bootstrapping Spring Data JPA repositories in DEFAULT mode.
2023-10-17T08:22:17.310+05:30  INFO 19452 --- [restartedMain] .s.d.r.c.RepositoryConfigurationDelegate : Finished Spring Data repository scanning in 0 ms. Found 0 JPA repository interfaces.
2023-10-17T08:22:17.365+05:30  INFO 19452 --- [restartedMain] o.s.b.w.embedded.tomcat.TomcatWebServer  : Tomcat initialized with port(s): 8081 (http)
2023-10-17T08:22:17.365+05:30  INFO 19452 --- [restartedMain] o.apache.catalina.core.StandardService   : Starting service [Tomcat]
2023-10-17T08:22:17.365+05:30  INFO 19452 --- [restartedMain] o.apache.catalina.core.StandardEngine    : Starting Servlet engine: [Apache Tomcat/10.1.13]
2023-10-17T08:22:17.373+05:30  INFO 19452 --- [restartedMain] o.a.c.c.C.[Tomcat].[localhost].[/]       : Initializing Spring embedded WebApplicationContext
2023-10-17T08:22:17.373+05:30  INFO 19452 --- [restartedMain] w.s.c.ServletWebServerApplicationContext : Root WebApplicationContext: initialization completed in 134 ms
2023-10-17T08:22:17.392+05:30  INFO 19452 --- [restartedMain] o.hibernate.jpa.internal.util.LogHelper  : HHH000204: Processing PersistenceUnitInfo [name: default]
2023-10-17T08:22:17.395+05:30  INFO 19452 --- [restartedMain] o.h.b.i.BytecodeProviderInitiator        : HHH000021: Bytecode provider name : bytebuddy
2023-10-17T08:22:17.395+05:30  INFO 19452 --- [restartedMain] o.s.o.j.p.SpringPersistenceUnitInfo      : No LoadTimeWeaver setup: ignoring JPA class transformer
2023-10-17T08:22:17.396+05:30  INFO 19452 --- [restartedMain] com.zaxxer.hikari.HikariDataSource       : HikariPool-2 - Starting...
2023-10-17T08:22:17.405+05:30  INFO 19452 --- [restartedMain] com.zaxxer.hikari.pool.HikariPool        : HikariPool-2 - Added connection com.mysql.cj.jdbc.ConnectionImpl@1fac4c71
2023-10-17T08:22:17.405+05:30  INFO 19452 --- [restartedMain] com.zaxxer.hikari.HikariDataSource       : HikariPool-2 - Start completed.
2023-10-17T08:22:17.406+05:30  WARN 19452 --- [restartedMain] org.hibernate.orm.deprecation            : HHH90000026: MySQL8Dialect has been deprecated; use org.hibernate.dialect.MySQLDialect instead
2023-10-17T08:22:17.407+05:30  INFO 19452 --- [restartedMain] o.h.b.i.BytecodeProviderInitiator        : HHH000021: Bytecode provider name : bytebuddy
2023-10-17T08:22:17.411+05:30  INFO 19452 --- [restartedMain] o.h.e.t.j.p.i.JtaPlatformInitiator       : HHH000490: Using JtaPlatform implementation: [org.hibernate.engine.transaction.jta.platform.internal.NoJtaPlatform]
2023-10-17T08:22:17.411+05:30  INFO 19452 --- [restartedMain] j.LocalContainerEntityManagerFactoryBean : Initialized JPA EntityManagerFactory for persistence unit 'default'
2023-10-17T08:22:17.413+05:30  WARN 19452 --- [restartedMain] ConfigServletWebServerApplicationContext : Exception encountered during context initialization - cancelling refresh attempt: org.springframework.beans.factory.BeanCreationException: Error creating bean with name 'superApplication': Post-processing of merged bean definition failed
2023-10-17T08:22:17.413+05:30  INFO 19452 --- [restartedMain] j.LocalContainerEntityManagerFactoryBean : Closing JPA EntityManagerFactory for persistence unit 'default'
2023-10-17T08:22:17.413+05:30  INFO 19452 --- [restartedMain] com.zaxxer.hikari.HikariDataSource       : HikariPool-2 - Shutdown initiated...
2023-10-17T08:22:17.414+05:30  INFO 19452 --- [restartedMain] com.zaxxer.hikari.HikariDataSource       : HikariPool-2 - Shutdown completed.
2023-10-17T08:22:17.414+05:30  INFO 19452 --- [restartedMain] o.apache.catalina.core.StandardService   : Stopping service [Tomcat]
2023-10-17T08:22:17.417+05:30  INFO 19452 --- [restartedMain] .s.b.a.l.ConditionEvaluationReportLogger : 

Error starting ApplicationContext. To display the condition evaluation report re-run your application with 'debug' enabled.
2023-10-17T08:22:17.425+05:30 ERROR 19452 --- [restartedMain] o.s.boot.SpringApplication               : Application run failed

org.springframework.beans.factory.BeanCreationException: Error creating bean with name 'superApplication': Post-processing of merged bean definition failed
	at org.springframework.beans.factory.support.AbstractAutowireCapableBeanFactory.doCreateBean(AbstractAutowireCapableBeanFactory.java:575) ~[spring-beans-6.0.12.jar:6.0.12]
	at org.springframework.beans.factory.support.AbstractAutowireCapableBeanFactory.createBean(AbstractAutowireCapableBeanFactory.java:520) ~[spring-beans-6.0.12.jar:6.0.12]
	at org.springframework.beans.factory.support.AbstractBeanFactory.lambda$doGetBean$0(AbstractBeanFactory.java:325) ~[spring-beans-6.0.12.jar:6.0.12]
	at org.springframework.beans.factory.support.DefaultSingletonBeanRegistry.getSingleton(DefaultSingletonBeanRegistry.java:234) ~[spring-beans-6.0.12.jar:6.0.12]
	at org.springframework.beans.factory.support.AbstractBeanFactory.doGetBean(AbstractBeanFactory.java:323) ~[spring-beans-6.0.12.jar:6.0.12]
	at org.springframework.beans.factory.support.AbstractBeanFactory.getBean(AbstractBeanFactory.java:199) ~[spring-beans-6.0.12.jar:6.0.12]
	at org.springframework.beans.factory.support.DefaultListableBeanFactory.preInstantiateSingletons(DefaultListableBeanFactory.java:973) ~[spring-beans-6.0.12.jar:6.0.12]
	at org.springframework.context.support.AbstractApplicationContext.finishBeanFactoryInitialization(AbstractApplicationContext.java:942) ~[spring-context-6.0.12.jar:6.0.12]
	at org.springframework.context.support.AbstractApplicationContext.refresh(AbstractApplicationContext.java:608) ~[spring-context-6.0.12.jar:6.0.12]
	at org.springframework.boot.web.servlet.context.ServletWebServerApplicationContext.refresh(ServletWebServerApplicationContext.java:146) ~[spring-boot-3.1.4.jar:3.1.4]
	at org.springframework.boot.SpringApplication.refresh(SpringApplication.java:737) ~[spring-boot-3.1.4.jar:3.1.4]
	at org.springframework.boot.SpringApplication.refreshContext(SpringApplication.java:439) ~[spring-boot-3.1.4.jar:3.1.4]
	at org.springframework.boot.SpringApplication.run(SpringApplication.java:315) ~[spring-boot-3.1.4.jar:3.1.4]
	at org.springframework.boot.SpringApplication.run(SpringApplication.java:1309) ~[spring-boot-3.1.4.jar:3.1.4]
	at org.springframework.boot.SpringApplication.run(SpringApplication.java:1298) ~[spring-boot-3.1.4.jar:3.1.4]
	at com.example.demo.SuperApplication.main(SuperApplication.java:29) ~[classes/:na]
	at java.base/jdk.internal.reflect.DirectMethodHandleAccessor.invoke(DirectMethodHandleAccessor.java:104) ~[na:na]
	at java.base/java.lang.reflect.Method.invoke(Method.java:578) ~[na:na]
	at org.springframework.boot.devtools.restart.RestartLauncher.run(RestartLauncher.java:50) ~[spring-boot-devtools-3.1.4.jar:3.1.4]
Caused by: java.lang.IllegalStateException: Failed to introspect Class [com.example.demo.SuperApplication] from ClassLoader [jdk.internal.loader.ClassLoaders$AppClassLoader@4e0e2f2a]
	at org.springframework.util.ReflectionUtils.getDeclaredFields(ReflectionUtils.java:732) ~[spring-core-6.0.12.jar:6.0.12]
	at org.springframework.util.ReflectionUtils.doWithLocalFields(ReflectionUtils.java:664) ~[spring-core-6.0.12.jar:6.0.12]
	at org.springframework.orm.jpa.support.PersistenceAnnotationBeanPostProcessor.buildPersistenceMetadata(PersistenceAnnotationBeanPostProcessor.java:436) ~[spring-orm-6.0.12.jar:6.0.12]
	at org.springframework.orm.jpa.support.PersistenceAnnotationBeanPostProcessor.findPersistenceMetadata(PersistenceAnnotationBeanPostProcessor.java:417) ~[spring-orm-6.0.12.jar:6.0.12]
	at org.springframework.orm.jpa.support.PersistenceAnnotationBeanPostProcessor.findInjectionMetadata(PersistenceAnnotationBeanPostProcessor.java:371) ~[spring-orm-6.0.12.jar:6.0.12]
	at org.springframework.orm.jpa.support.PersistenceAnnotationBeanPostProcessor.postProcessMergedBeanDefinition(PersistenceAnnotationBeanPostProcessor.java:353) ~[spring-orm-6.0.12.jar:6.0.12]
	at org.springframework.beans.factory.support.AbstractAutowireCapableBeanFactory.applyMergedBeanDefinitionPostProcessors(AbstractAutowireCapableBeanFactory.java:1083) ~[spring-beans-6.0.12.jar:6.0.12]
	at org.springframework.beans.factory.support.AbstractAutowireCapableBeanFactory.doCreateBean(AbstractAutowireCapableBeanFactory.java:572) ~[spring-beans-6.0.12.jar:6.0.12]
	... 18 common frames omitted
Caused by: java.lang.NoClassDefFoundError: com/example/demo/repository/SlotRepository
	at java.base/java.lang.Class.getDeclaredFields0(Native Method) ~[na:na]
	at java.base/java.lang.Class.privateGetDeclaredFields(Class.java:3397) ~[na:na]
	at java.base/java.lang.Class.getDeclaredFields(Class.java:2468) ~[na:na]
	at org.springframework.util.ReflectionUtils.getDeclaredFields(ReflectionUtils.java:727) ~[spring-core-6.0.12.jar:6.0.12]
	... 25 common frames omitted
Caused by: java.lang.ClassNotFoundException: com.example.demo.repository.SlotRepository
	at java.base/jdk.internal.loader.BuiltinClassLoader.loadClass(BuiltinClassLoader.java:641) ~[na:na]
	at java.base/jdk.internal.loader.ClassLoaders$AppClassLoader.loadClass(ClassLoaders.java:188) ~[na:na]
	at java.base/java.lang.ClassLoader.loadClass(ClassLoader.java:521) ~[na:na]
	... 29 common frames omitted

2023-10-17T08:22:38.416+05:30  INFO 19452 --- [restartedMain] com.example.demo.SuperApplication        : Starting SuperApplication using Java 20.0.2 with PID 19452 (/Users/naveenraja/Bringo2/java-spring-training-2023/super/target/classes started by naveenraja in /Users/naveenraja/Bringo2/java-spring-training-2023/super)
2023-10-17T08:22:38.417+05:30  INFO 19452 --- [restartedMain] com.example.demo.SuperApplication        : No active profile set, falling back to 1 default profile: "default"
2023-10-17T08:22:38.469+05:30  INFO 19452 --- [restartedMain] .s.d.r.c.RepositoryConfigurationDelegate : Bootstrapping Spring Data JPA repositories in DEFAULT mode.
2023-10-17T08:22:38.477+05:30  INFO 19452 --- [restartedMain] .s.d.r.c.RepositoryConfigurationDelegate : Finished Spring Data repository scanning in 8 ms. Found 4 JPA repository interfaces.
2023-10-17T08:22:38.507+05:30  INFO 19452 --- [restartedMain] o.s.b.w.embedded.tomcat.TomcatWebServer  : Tomcat initialized with port(s): 8081 (http)
2023-10-17T08:22:38.508+05:30  INFO 19452 --- [restartedMain] o.apache.catalina.core.StandardService   : Starting service [Tomcat]
2023-10-17T08:22:38.508+05:30  INFO 19452 --- [restartedMain] o.apache.catalina.core.StandardEngine    : Starting Servlet engine: [Apache Tomcat/10.1.13]
2023-10-17T08:22:38.513+05:30  INFO 19452 --- [restartedMain] o.a.c.c.C.[Tomcat-1].[localhost].[/]     : Initializing Spring embedded WebApplicationContext
2023-10-17T08:22:38.513+05:30  INFO 19452 --- [restartedMain] w.s.c.ServletWebServerApplicationContext : Root WebApplicationContext: initialization completed in 96 ms
2023-10-17T08:22:38.529+05:30  INFO 19452 --- [restartedMain] o.hibernate.jpa.internal.util.LogHelper  : HHH000204: Processing PersistenceUnitInfo [name: default]
2023-10-17T08:22:38.531+05:30  INFO 19452 --- [restartedMain] o.h.b.i.BytecodeProviderInitiator        : HHH000021: Bytecode provider name : bytebuddy
2023-10-17T08:22:38.531+05:30  INFO 19452 --- [restartedMain] o.s.o.j.p.SpringPersistenceUnitInfo      : No LoadTimeWeaver setup: ignoring JPA class transformer
2023-10-17T08:22:38.531+05:30  INFO 19452 --- [restartedMain] com.zaxxer.hikari.HikariDataSource       : HikariPool-3 - Starting...
2023-10-17T08:22:38.543+05:30  INFO 19452 --- [restartedMain] com.zaxxer.hikari.pool.HikariPool        : HikariPool-3 - Added connection com.mysql.cj.jdbc.ConnectionImpl@62fe4421
2023-10-17T08:22:38.543+05:30  INFO 19452 --- [restartedMain] com.zaxxer.hikari.HikariDataSource       : HikariPool-3 - Start completed.
2023-10-17T08:22:38.544+05:30  WARN 19452 --- [restartedMain] org.hibernate.orm.deprecation            : HHH90000026: MySQL8Dialect has been deprecated; use org.hibernate.dialect.MySQLDialect instead
2023-10-17T08:22:38.550+05:30  INFO 19452 --- [restartedMain] o.h.b.i.BytecodeProviderInitiator        : HHH000021: Bytecode provider name : bytebuddy
2023-10-17T08:22:38.582+05:30  INFO 19452 --- [restartedMain] o.h.e.t.j.p.i.JtaPlatformInitiator       : HHH000490: Using JtaPlatform implementation: [org.hibernate.engine.transaction.jta.platform.internal.NoJtaPlatform]
2023-10-17T08:22:38.632+05:30  INFO 19452 --- [restartedMain] j.LocalContainerEntityManagerFactoryBean : Initialized JPA EntityManagerFactory for persistence unit 'default'
2023-10-17T08:22:38.635+05:30  WARN 19452 --- [restartedMain] ConfigServletWebServerApplicationContext : Exception encountered during context initialization - cancelling refresh attempt: org.springframework.beans.factory.UnsatisfiedDependencyException: Error creating bean with name 'superApplication': Unsatisfied dependency expressed through field 'slotRepository': No qualifying bean of type 'com.example.demo.repository.SlotRepository' available: expected at least 1 bean which qualifies as autowire candidate. Dependency annotations: {@org.springframework.beans.factory.annotation.Autowired(required=true)}
2023-10-17T08:22:38.635+05:30  INFO 19452 --- [restartedMain] j.LocalContainerEntityManagerFactoryBean : Closing JPA EntityManagerFactory for persistence unit 'default'
2023-10-17T08:22:38.635+05:30  INFO 19452 --- [restartedMain] com.zaxxer.hikari.HikariDataSource       : HikariPool-3 - Shutdown initiated...
2023-10-17T08:22:38.635+05:30  INFO 19452 --- [restartedMain] com.zaxxer.hikari.HikariDataSource       : HikariPool-3 - Shutdown completed.
2023-10-17T08:22:38.636+05:30  INFO 19452 --- [restartedMain] o.apache.catalina.core.StandardService   : Stopping service [Tomcat]
2023-10-17T08:22:38.637+05:30  INFO 19452 --- [restartedMain] .s.b.a.l.ConditionEvaluationReportLogger : 

Error starting ApplicationContext. To display the condition evaluation report re-run your application with 'debug' enabled.
2023-10-17T08:22:38.640+05:30 ERROR 19452 --- [restartedMain] o.s.b.d.LoggingFailureAnalysisReporter   : 

***************************
APPLICATION FAILED TO START
***************************

Description:

Field slotRepository in com.example.demo.SuperApplication required a bean of type 'com.example.demo.repository.SlotRepository' that could not be found.

The injection point has the following annotations:
	- @org.springframework.beans.factory.annotation.Autowired(required=true)


Action:

Consider defining a bean of type 'com.example.demo.repository.SlotRepository' in your configuration.

2023-10-17T08:22:39.775+05:30  INFO 25168 --- [main] com.example.demo.SuperApplicationTests   : Starting SuperApplicationTests using Java 20.0.2 with PID 25168 (started by naveenraja in /Users/naveenraja/Bringo2/java-spring-training-2023/super)
2023-10-17T08:22:39.775+05:30  INFO 25168 --- [main] com.example.demo.SuperApplicationTests   : No active profile set, falling back to 1 default profile: "default"
2023-10-17T08:22:40.020+05:30  INFO 25168 --- [main] .s.d.r.c.RepositoryConfigurationDelegate : Bootstrapping Spring Data JPA repositories in DEFAULT mode.
2023-10-17T08:22:40.046+05:30  INFO 25168 --- [main] .s.d.r.c.RepositoryConfigurationDelegate : Finished Spring Data repository scanning in 23 ms. Found 5 JPA repository interfaces.
2023-10-17T08:22:40.070+05:30  INFO 19452 --- [restartedMain] com.example.demo.SuperApplication        : Starting SuperApplication using Java 20.0.2 with PID 19452 (/Users/naveenraja/Bringo2/java-spring-training-2023/super/target/classes started by naveenraja in /Users/naveenraja/Bringo2/java-spring-training-2023/super)
2023-10-17T08:22:40.070+05:30  INFO 19452 --- [restartedMain] com.example.demo.SuperApplication        : No active profile set, falling back to 1 default profile: "default"
2023-10-17T08:22:40.118+05:30  INFO 19452 --- [restartedMain] .s.d.r.c.RepositoryConfigurationDelegate : Bootstrapping Spring Data JPA repositories in DEFAULT mode.
2023-10-17T08:22:40.125+05:30  INFO 19452 --- [restartedMain] .s.d.r.c.RepositoryConfigurationDelegate : Finished Spring Data repository scanning in 7 ms. Found 5 JPA repository interfaces.
2023-10-17T08:22:40.186+05:30  INFO 19452 --- [restartedMain] o.s.b.w.embedded.tomcat.TomcatWebServer  : Tomcat initialized with port(s): 8081 (http)
2023-10-17T08:22:40.186+05:30  INFO 19452 --- [restartedMain] o.apache.catalina.core.StandardService   : Starting service [Tomcat]
2023-10-17T08:22:40.186+05:30  INFO 19452 --- [restartedMain] o.apache.catalina.core.StandardEngine    : Starting Servlet engine: [Apache Tomcat/10.1.13]
2023-10-17T08:22:40.191+05:30  INFO 19452 --- [restartedMain] o.a.c.c.C.[Tomcat-2].[localhost].[/]     : Initializing Spring embedded WebApplicationContext
2023-10-17T08:22:40.192+05:30  INFO 19452 --- [restartedMain] w.s.c.ServletWebServerApplicationContext : Root WebApplicationContext: initialization completed in 121 ms
2023-10-17T08:22:40.219+05:30  INFO 19452 --- [restartedMain] o.hibernate.jpa.internal.util.LogHelper  : HHH000204: Processing PersistenceUnitInfo [name: default]
2023-10-17T08:22:40.221+05:30  INFO 19452 --- [restartedMain] o.h.b.i.BytecodeProviderInitiator        : HHH000021: Bytecode provider name : bytebuddy
2023-10-17T08:22:40.221+05:30  INFO 19452 --- [restartedMain] o.s.o.j.p.SpringPersistenceUnitInfo      : No LoadTimeWeaver setup: ignoring JPA class transformer
2023-10-17T08:22:40.221+05:30  INFO 19452 --- [restartedMain] com.zaxxer.hikari.HikariDataSource       : HikariPool-4 - Starting...
2023-10-17T08:22:40.233+05:30  INFO 19452 --- [restartedMain] com.zaxxer.hikari.pool.HikariPool        : HikariPool-4 - Added connection com.mysql.cj.jdbc.ConnectionImpl@5384c530
2023-10-17T08:22:40.233+05:30  INFO 19452 --- [restartedMain] com.zaxxer.hikari.HikariDataSource       : HikariPool-4 - Start completed.
2023-10-17T08:22:40.233+05:30  WARN 19452 --- [restartedMain] org.hibernate.orm.deprecation            : HHH90000026: MySQL8Dialect has been deprecated; use org.hibernate.dialect.MySQLDialect instead
2023-10-17T08:22:40.240+05:30  INFO 19452 --- [restartedMain] o.h.b.i.BytecodeProviderInitiator        : HHH000021: Bytecode provider name : bytebuddy
2023-10-17T08:22:40.268+05:30  INFO 19452 --- [restartedMain] o.h.e.t.j.p.i.JtaPlatformInitiator       : HHH000490: Using JtaPlatform implementation: [org.hibernate.engine.transaction.jta.platform.internal.NoJtaPlatform]
2023-10-17T08:22:40.307+05:30  INFO 19452 --- [restartedMain] j.LocalContainerEntityManagerFactoryBean : Initialized JPA EntityManagerFactory for persistence unit 'default'
2023-10-17T08:22:40.345+05:30  INFO 25168 --- [main] o.hibernate.jpa.internal.util.LogHelper  : HHH000204: Processing PersistenceUnitInfo [name: default]
2023-10-17T08:22:40.371+05:30  INFO 25168 --- [main] org.hibernate.Version                    : HHH000412: Hibernate ORM core version 6.2.9.Final
2023-10-17T08:22:40.372+05:30  INFO 25168 --- [main] org.hibernate.cfg.Environment            : HHH000406: Using bytecode reflection optimizer
2023-10-17T08:22:40.376+05:30  WARN 19452 --- [restartedMain] ConfigServletWebServerApplicationContext : Exception encountered during context initialization - cancelling refresh attempt: org.springframework.beans.factory.UnsatisfiedDependencyException: Error creating bean with name 'superApplication': Unsatisfied dependency expressed through field 'slotRepository': No qualifying bean of type 'com.example.demo.repository.SlotRepository' available: expected at least 1 bean which qualifies as autowire candidate. Dependency annotations: {@org.springframework.beans.factory.annotation.Autowired(required=true)}
2023-10-17T08:22:40.376+05:30  INFO 19452 --- [restartedMain] j.LocalContainerEntityManagerFactoryBean : Closing JPA EntityManagerFactory for persistence unit 'default'
2023-10-17T08:22:40.377+05:30  INFO 19452 --- [restartedMain] com.zaxxer.hikari.HikariDataSource       : HikariPool-4 - Shutdown initiated...
2023-10-17T08:22:40.382+05:30  INFO 19452 --- [restartedMain] com.zaxxer.hikari.HikariDataSource       : HikariPool-4 - Shutdown completed.
2023-10-17T08:22:40.382+05:30  INFO 19452 --- [restartedMain] o.apache.catalina.core.StandardService   : Stopping service [Tomcat]
2023-10-17T08:22:40.383+05:30  INFO 19452 --- [restartedMain] .s.b.a.l.ConditionEvaluationReportLogger : 

Error starting ApplicationContext. To display the condition evaluation report re-run your application with 'debug' enabled.
2023-10-17T08:22:40.387+05:30 ERROR 19452 --- [restartedMain] o.s.b.d.LoggingFailureAnalysisReporter   : 

***************************
APPLICATION FAILED TO START
***************************

Description:

Field slotRepository in com.example.demo.SuperApplication required a bean of type 'com.example.demo.repository.SlotRepository' that could not be found.

The injection point has the following annotations:
	- @org.springframework.beans.factory.annotation.Autowired(required=true)


Action:

Consider defining a bean of type 'com.example.demo.repository.SlotRepository' in your configuration.

2023-10-17T08:22:40.422+05:30  INFO 25168 --- [main] o.h.b.i.BytecodeProviderInitiator        : HHH000021: Bytecode provider name : bytebuddy
2023-10-17T08:22:40.426+05:30  INFO 25168 --- [main] o.s.o.j.p.SpringPersistenceUnitInfo      : No LoadTimeWeaver setup: ignoring JPA class transformer
2023-10-17T08:22:40.432+05:30  INFO 25168 --- [main] com.zaxxer.hikari.HikariDataSource       : HikariPool-1 - Starting...
2023-10-17T08:22:40.630+05:30  INFO 25168 --- [main] com.zaxxer.hikari.pool.HikariPool        : HikariPool-1 - Added connection com.mysql.cj.jdbc.ConnectionImpl@391e5ffa
2023-10-17T08:22:40.631+05:30  INFO 25168 --- [main] com.zaxxer.hikari.HikariDataSource       : HikariPool-1 - Start completed.
2023-10-17T08:22:40.654+05:30  WARN 25168 --- [main] org.hibernate.orm.deprecation            : HHH90000026: MySQL8Dialect has been deprecated; use org.hibernate.dialect.MySQLDialect instead
2023-10-17T08:22:40.733+05:30  INFO 25168 --- [main] o.h.b.i.BytecodeProviderInitiator        : HHH000021: Bytecode provider name : bytebuddy
2023-10-17T08:22:40.975+05:30  INFO 25168 --- [main] o.h.e.t.j.p.i.JtaPlatformInitiator       : HHH000490: Using JtaPlatform implementation: [org.hibernate.engine.transaction.jta.platform.internal.NoJtaPlatform]
2023-10-17T08:22:41.027+05:30  INFO 25168 --- [main] j.LocalContainerEntityManagerFactoryBean : Initialized JPA EntityManagerFactory for persistence unit 'default'
2023-10-17T08:22:41.274+05:30  INFO 25168 --- [main] o.s.d.j.r.query.QueryEnhancerFactory     : Hibernate is in classpath; If applicable, HQL parser will be used.
2023-10-17T08:22:41.482+05:30  WARN 25168 --- [main] JpaBaseConfiguration$JpaWebConfiguration : spring.jpa.open-in-view is enabled by default. Therefore, database queries may be performed during view rendering. Explicitly configure spring.jpa.open-in-view to disable this warning
2023-10-17T08:22:41.689+05:30  INFO 25168 --- [main] o.s.s.web.DefaultSecurityFilterChain     : Will secure any request with [org.springframework.security.web.session.DisableEncodeUrlFilter@16575bfe, org.springframework.security.web.context.request.async.WebAsyncManagerIntegrationFilter@60003305, org.springframework.security.web.context.SecurityContextHolderFilter@39a8c08f, org.springframework.security.web.header.HeaderWriterFilter@2c8469fe, org.springframework.web.filter.CorsFilter@3f1dadeb, org.springframework.security.web.authentication.logout.LogoutFilter@632a7680, com.example.demo.config.JwtAuthenticationFilter@56c26b21, org.springframework.security.web.savedrequest.RequestCacheAwareFilter@794b139b, org.springframework.security.web.servletapi.SecurityContextHolderAwareRequestFilter@87276c4, org.springframework.security.web.authentication.AnonymousAuthenticationFilter@72259917, org.springframework.security.web.session.SessionManagementFilter@70c2a046, org.springframework.security.web.access.ExceptionTranslationFilter@7314f4cb, org.springframework.security.web.access.intercept.AuthorizationFilter@77c41838]
2023-10-17T08:22:41.704+05:30  INFO 25168 --- [main] c.e.demo.aspect.AspectForException       : Method started: SuperApplication.run()
2023-10-17T08:22:41.910+05:30  INFO 25168 --- [main] com.example.demo.SuperApplicationTests   : Started SuperApplicationTests in 2.244 seconds (process running for 2.922)
2023-10-17T08:22:41.943+05:30  INFO 25168 --- [SpringApplicationShutdownHook] j.LocalContainerEntityManagerFactoryBean : Closing JPA EntityManagerFactory for persistence unit 'default'
2023-10-17T08:22:41.944+05:30  INFO 25168 --- [SpringApplicationShutdownHook] com.zaxxer.hikari.HikariDataSource       : HikariPool-1 - Shutdown initiated...
2023-10-17T08:22:41.948+05:30  INFO 25168 --- [SpringApplicationShutdownHook] com.zaxxer.hikari.HikariDataSource       : HikariPool-1 - Shutdown completed.
2023-10-17T08:23:49.674+05:30  INFO 19452 --- [restartedMain] com.example.demo.SuperApplication        : Starting SuperApplication using Java 20.0.2 with PID 19452 (/Users/naveenraja/Bringo2/java-spring-training-2023/super/target/classes started by naveenraja in /Users/naveenraja/Bringo2/java-spring-training-2023/super)
2023-10-17T08:23:49.674+05:30  INFO 19452 --- [restartedMain] com.example.demo.SuperApplication        : No active profile set, falling back to 1 default profile: "default"
2023-10-17T08:23:49.727+05:30  INFO 19452 --- [restartedMain] .s.d.r.c.RepositoryConfigurationDelegate : Bootstrapping Spring Data JPA repositories in DEFAULT mode.
2023-10-17T08:23:49.735+05:30  INFO 19452 --- [restartedMain] .s.d.r.c.RepositoryConfigurationDelegate : Finished Spring Data repository scanning in 7 ms. Found 5 JPA repository interfaces.
2023-10-17T08:23:49.751+05:30  WARN 19452 --- [restartedMain] ConfigServletWebServerApplicationContext : Exception encountered during context initialization - cancelling refresh attempt: org.springframework.beans.factory.CannotLoadBeanClassException: Cannot find class [com.example.demo.serviceImpl.UserServiceImpl] for bean with name 'userServiceImpl' defined in file [/Users/naveenraja/Bringo2/java-spring-training-2023/super/target/classes/com/example/demo/serviceImpl/UserServiceImpl.class]
2023-10-17T08:23:49.753+05:30  INFO 19452 --- [restartedMain] .s.b.a.l.ConditionEvaluationReportLogger : 

Error starting ApplicationContext. To display the condition evaluation report re-run your application with 'debug' enabled.
2023-10-17T08:23:49.753+05:30 ERROR 19452 --- [restartedMain] o.s.boot.SpringApplication               : Application run failed

org.springframework.beans.factory.CannotLoadBeanClassException: Cannot find class [com.example.demo.serviceImpl.UserServiceImpl] for bean with name 'userServiceImpl' defined in file [/Users/naveenraja/Bringo2/java-spring-training-2023/super/target/classes/com/example/demo/serviceImpl/UserServiceImpl.class]
	at org.springframework.beans.factory.support.AbstractBeanFactory.resolveBeanClass(AbstractBeanFactory.java:1503) ~[spring-beans-6.0.12.jar:6.0.12]
	at org.springframework.beans.factory.support.AbstractAutowireCapableBeanFactory.determineTargetType(AbstractAutowireCapableBeanFactory.java:683) ~[spring-beans-6.0.12.jar:6.0.12]
	at org.springframework.beans.factory.support.AbstractAutowireCapableBeanFactory.predictBeanType(AbstractAutowireCapableBeanFactory.java:651) ~[spring-beans-6.0.12.jar:6.0.12]
	at org.springframework.beans.factory.support.AbstractBeanFactory.getType(AbstractBeanFactory.java:690) ~[spring-beans-6.0.12.jar:6.0.12]
	at org.springframework.beans.factory.support.DefaultListableBeanFactory.findAnnotationOnBean(DefaultListableBeanFactory.java:733) ~[spring-beans-6.0.12.jar:6.0.12]
	at org.springframework.boot.sql.init.dependency.AnnotationDependsOnDatabaseInitializationDetector.detect(AnnotationDependsOnDatabaseInitializationDetector.java:36) ~[spring-boot-3.1.4.jar:3.1.4]
	at org.springframework.boot.sql.init.dependency.DatabaseInitializationDependencyConfigurer$DependsOnDatabaseInitializationPostProcessor.detectDependsOnInitializationBeanNames(DatabaseInitializationDependencyConfigurer.java:152) ~[spring-boot-3.1.4.jar:3.1.4]
	at org.springframework.boot.sql.init.dependency.DatabaseInitializationDependencyConfigurer$DependsOnDatabaseInitializationPostProcessor.postProcessBeanFactory(DatabaseInitializationDependencyConfigurer.java:115) ~[spring-boot-3.1.4.jar:3.1.4]
	at org.springframework.context.support.PostProcessorRegistrationDelegate.invokeBeanFactoryPostProcessors(PostProcessorRegistrationDelegate.java:358) ~[spring-context-6.0.12.jar:6.0.12]
	at org.springframework.context.support.PostProcessorRegistrationDelegate.invokeBeanFactoryPostProcessors(PostProcessorRegistrationDelegate.java:194) ~[spring-context-6.0.12.jar:6.0.12]
	at org.springframework.context.support.AbstractApplicationContext.invokeBeanFactoryPostProcessors(AbstractApplicationContext.java:771) ~[spring-context-6.0.12.jar:6.0.12]
	at org.springframework.context.support.AbstractApplicationContext.refresh(AbstractApplicationContext.java:589) ~[spring-context-6.0.12.jar:6.0.12]
	at org.springframework.boot.web.servlet.context.ServletWebServerApplicationContext.refresh(ServletWebServerApplicationContext.java:146) ~[spring-boot-3.1.4.jar:3.1.4]
	at org.springframework.boot.SpringApplication.refresh(SpringApplication.java:737) ~[spring-boot-3.1.4.jar:3.1.4]
	at org.springframework.boot.SpringApplication.refreshContext(SpringApplication.java:439) ~[spring-boot-3.1.4.jar:3.1.4]
	at org.springframework.boot.SpringApplication.run(SpringApplication.java:315) ~[spring-boot-3.1.4.jar:3.1.4]
	at org.springframework.boot.SpringApplication.run(SpringApplication.java:1309) ~[spring-boot-3.1.4.jar:3.1.4]
	at org.springframework.boot.SpringApplication.run(SpringApplication.java:1298) ~[spring-boot-3.1.4.jar:3.1.4]
	at com.example.demo.SuperApplication.main(SuperApplication.java:29) ~[classes/:na]
	at java.base/jdk.internal.reflect.DirectMethodHandleAccessor.invoke(DirectMethodHandleAccessor.java:104) ~[na:na]
	at java.base/java.lang.reflect.Method.invoke(Method.java:578) ~[na:na]
	at org.springframework.boot.devtools.restart.RestartLauncher.run(RestartLauncher.java:50) ~[spring-boot-devtools-3.1.4.jar:3.1.4]
Caused by: java.lang.ClassNotFoundException: com.example.demo.serviceImpl.UserServiceImpl
	at java.base/jdk.internal.loader.BuiltinClassLoader.loadClass(BuiltinClassLoader.java:641) ~[na:na]
	at java.base/jdk.internal.loader.ClassLoaders$AppClassLoader.loadClass(ClassLoaders.java:188) ~[na:na]
	at java.base/java.lang.ClassLoader.loadClass(ClassLoader.java:521) ~[na:na]
	at java.base/java.lang.Class.forName0(Native Method) ~[na:na]
	at java.base/java.lang.Class.forName(Class.java:496) ~[na:na]
	at java.base/java.lang.Class.forName(Class.java:475) ~[na:na]
	at org.springframework.boot.devtools.restart.classloader.RestartClassLoader.loadClass(RestartClassLoader.java:121) ~[spring-boot-devtools-3.1.4.jar:3.1.4]
	at java.base/java.lang.ClassLoader.loadClass(ClassLoader.java:521) ~[na:na]
	at java.base/java.lang.Class.forName0(Native Method) ~[na:na]
	at java.base/java.lang.Class.forName(Class.java:496) ~[na:na]
	at java.base/java.lang.Class.forName(Class.java:475) ~[na:na]
	at org.springframework.util.ClassUtils.forName(ClassUtils.java:291) ~[spring-core-6.0.12.jar:6.0.12]
	at org.springframework.beans.factory.support.AbstractBeanDefinition.resolveBeanClass(AbstractBeanDefinition.java:462) ~[spring-beans-6.0.12.jar:6.0.12]
	at org.springframework.beans.factory.support.AbstractBeanFactory.doResolveBeanClass(AbstractBeanFactory.java:1567) ~[spring-beans-6.0.12.jar:6.0.12]
	at org.springframework.beans.factory.support.AbstractBeanFactory.resolveBeanClass(AbstractBeanFactory.java:1500) ~[spring-beans-6.0.12.jar:6.0.12]
	... 21 common frames omitted

2023-10-17T08:23:51.180+05:30  INFO 19452 --- [restartedMain] com.example.demo.SuperApplication        : Starting SuperApplication using Java 20.0.2 with PID 19452 (/Users/naveenraja/Bringo2/java-spring-training-2023/super/target/classes started by naveenraja in /Users/naveenraja/Bringo2/java-spring-training-2023/super)
2023-10-17T08:23:51.180+05:30  INFO 19452 --- [restartedMain] com.example.demo.SuperApplication        : No active profile set, falling back to 1 default profile: "default"
2023-10-17T08:23:51.227+05:30  INFO 19452 --- [restartedMain] .s.d.r.c.RepositoryConfigurationDelegate : Bootstrapping Spring Data JPA repositories in DEFAULT mode.
2023-10-17T08:23:51.235+05:30  INFO 19452 --- [restartedMain] .s.d.r.c.RepositoryConfigurationDelegate : Finished Spring Data repository scanning in 8 ms. Found 5 JPA repository interfaces.
2023-10-17T08:23:51.278+05:30  INFO 19452 --- [restartedMain] o.s.b.w.embedded.tomcat.TomcatWebServer  : Tomcat initialized with port(s): 8081 (http)
2023-10-17T08:23:51.278+05:30  INFO 19452 --- [restartedMain] o.apache.catalina.core.StandardService   : Starting service [Tomcat]
2023-10-17T08:23:51.278+05:30  INFO 19452 --- [restartedMain] o.apache.catalina.core.StandardEngine    : Starting Servlet engine: [Apache Tomcat/10.1.13]
2023-10-17T08:23:51.283+05:30  INFO 19452 --- [restartedMain] o.a.c.c.C.[Tomcat-3].[localhost].[/]     : Initializing Spring embedded WebApplicationContext
2023-10-17T08:23:51.283+05:30  INFO 19452 --- [restartedMain] w.s.c.ServletWebServerApplicationContext : Root WebApplicationContext: initialization completed in 103 ms
2023-10-17T08:23:51.302+05:30  INFO 19452 --- [restartedMain] o.hibernate.jpa.internal.util.LogHelper  : HHH000204: Processing PersistenceUnitInfo [name: default]
2023-10-17T08:23:51.303+05:30  INFO 19452 --- [restartedMain] o.h.b.i.BytecodeProviderInitiator        : HHH000021: Bytecode provider name : bytebuddy
2023-10-17T08:23:51.303+05:30  INFO 19452 --- [restartedMain] o.s.o.j.p.SpringPersistenceUnitInfo      : No LoadTimeWeaver setup: ignoring JPA class transformer
2023-10-17T08:23:51.304+05:30  INFO 19452 --- [restartedMain] com.zaxxer.hikari.HikariDataSource       : HikariPool-5 - Starting...
2023-10-17T08:23:51.315+05:30  INFO 19452 --- [restartedMain] com.zaxxer.hikari.pool.HikariPool        : HikariPool-5 - Added connection com.mysql.cj.jdbc.ConnectionImpl@202c3bee
2023-10-17T08:23:51.315+05:30  INFO 19452 --- [restartedMain] com.zaxxer.hikari.HikariDataSource       : HikariPool-5 - Start completed.
2023-10-17T08:23:51.315+05:30  WARN 19452 --- [restartedMain] org.hibernate.orm.deprecation            : HHH90000026: MySQL8Dialect has been deprecated; use org.hibernate.dialect.MySQLDialect instead
2023-10-17T08:23:51.324+05:30  INFO 19452 --- [restartedMain] o.h.b.i.BytecodeProviderInitiator        : HHH000021: Bytecode provider name : bytebuddy
2023-10-17T08:23:51.345+05:30  INFO 19452 --- [restartedMain] o.h.e.t.j.p.i.JtaPlatformInitiator       : HHH000490: Using JtaPlatform implementation: [org.hibernate.engine.transaction.jta.platform.internal.NoJtaPlatform]
2023-10-17T08:23:51.384+05:30  INFO 19452 --- [restartedMain] j.LocalContainerEntityManagerFactoryBean : Initialized JPA EntityManagerFactory for persistence unit 'default'
2023-10-17T08:23:51.444+05:30  WARN 19452 --- [restartedMain] ConfigServletWebServerApplicationContext : Exception encountered during context initialization - cancelling refresh attempt: org.springframework.beans.factory.UnsatisfiedDependencyException: Error creating bean with name 'superApplication': Unsatisfied dependency expressed through field 'slotRepository': No qualifying bean of type 'com.example.demo.repository.SlotRepository' available: expected at least 1 bean which qualifies as autowire candidate. Dependency annotations: {@org.springframework.beans.factory.annotation.Autowired(required=true)}
2023-10-17T08:23:51.444+05:30  INFO 19452 --- [restartedMain] j.LocalContainerEntityManagerFactoryBean : Closing JPA EntityManagerFactory for persistence unit 'default'
2023-10-17T08:23:51.444+05:30  INFO 19452 --- [restartedMain] com.zaxxer.hikari.HikariDataSource       : HikariPool-5 - Shutdown initiated...
2023-10-17T08:23:51.464+05:30  INFO 19452 --- [restartedMain] com.zaxxer.hikari.HikariDataSource       : HikariPool-5 - Shutdown completed.
2023-10-17T08:23:51.464+05:30  INFO 19452 --- [restartedMain] o.apache.catalina.core.StandardService   : Stopping service [Tomcat]
2023-10-17T08:23:51.468+05:30  INFO 19452 --- [restartedMain] .s.b.a.l.ConditionEvaluationReportLogger : 

Error starting ApplicationContext. To display the condition evaluation report re-run your application with 'debug' enabled.
2023-10-17T08:23:51.471+05:30 ERROR 19452 --- [restartedMain] o.s.b.d.LoggingFailureAnalysisReporter   : 

***************************
APPLICATION FAILED TO START
***************************

Description:

Field slotRepository in com.example.demo.SuperApplication required a bean of type 'com.example.demo.repository.SlotRepository' that could not be found.

The injection point has the following annotations:
	- @org.springframework.beans.factory.annotation.Autowired(required=true)


Action:

Consider defining a bean of type 'com.example.demo.repository.SlotRepository' in your configuration.

2023-10-17T08:26:01.311+05:30  INFO 25348 --- [restartedMain] com.example.demo.SuperApplication        : Starting SuperApplication using Java 20.0.2 with PID 25348 (/Users/naveenraja/Bringo2/java-spring-training-2023/super/target/classes started by naveenraja in /Users/naveenraja/Bringo2/java-spring-training-2023/super)
2023-10-17T08:26:01.311+05:30  INFO 25348 --- [restartedMain] com.example.demo.SuperApplication        : No active profile set, falling back to 1 default profile: "default"
2023-10-17T08:26:01.331+05:30  INFO 25348 --- [restartedMain] .e.DevToolsPropertyDefaultsPostProcessor : Devtools property defaults active! Set 'spring.devtools.add-properties' to 'false' to disable
2023-10-17T08:26:01.331+05:30  INFO 25348 --- [restartedMain] .e.DevToolsPropertyDefaultsPostProcessor : For additional web related logging consider setting the 'logging.level.web' property to 'DEBUG'
2023-10-17T08:26:01.611+05:30  INFO 25348 --- [restartedMain] .s.d.r.c.RepositoryConfigurationDelegate : Bootstrapping Spring Data JPA repositories in DEFAULT mode.
2023-10-17T08:26:01.639+05:30  INFO 25348 --- [restartedMain] .s.d.r.c.RepositoryConfigurationDelegate : Finished Spring Data repository scanning in 25 ms. Found 5 JPA repository interfaces.
2023-10-17T08:26:02.015+05:30  INFO 25348 --- [restartedMain] o.s.b.w.embedded.tomcat.TomcatWebServer  : Tomcat initialized with port(s): 8081 (http)
2023-10-17T08:26:02.020+05:30  INFO 25348 --- [restartedMain] o.apache.catalina.core.StandardService   : Starting service [Tomcat]
2023-10-17T08:26:02.020+05:30  INFO 25348 --- [restartedMain] o.apache.catalina.core.StandardEngine    : Starting Servlet engine: [Apache Tomcat/10.1.13]
2023-10-17T08:26:02.047+05:30  INFO 25348 --- [restartedMain] o.a.c.c.C.[Tomcat].[localhost].[/]       : Initializing Spring embedded WebApplicationContext
2023-10-17T08:26:02.048+05:30  INFO 25348 --- [restartedMain] w.s.c.ServletWebServerApplicationContext : Root WebApplicationContext: initialization completed in 717 ms
2023-10-17T08:26:02.127+05:30  INFO 25348 --- [restartedMain] o.hibernate.jpa.internal.util.LogHelper  : HHH000204: Processing PersistenceUnitInfo [name: default]
2023-10-17T08:26:02.148+05:30  INFO 25348 --- [restartedMain] org.hibernate.Version                    : HHH000412: Hibernate ORM core version 6.2.9.Final
2023-10-17T08:26:02.149+05:30  INFO 25348 --- [restartedMain] org.hibernate.cfg.Environment            : HHH000406: Using bytecode reflection optimizer
2023-10-17T08:26:02.193+05:30  INFO 25348 --- [restartedMain] o.h.b.i.BytecodeProviderInitiator        : HHH000021: Bytecode provider name : bytebuddy
2023-10-17T08:26:02.236+05:30  INFO 25348 --- [restartedMain] o.s.o.j.p.SpringPersistenceUnitInfo      : No LoadTimeWeaver setup: ignoring JPA class transformer
2023-10-17T08:26:02.243+05:30  INFO 25348 --- [restartedMain] com.zaxxer.hikari.HikariDataSource       : HikariPool-1 - Starting...
2023-10-17T08:26:02.382+05:30  INFO 25348 --- [restartedMain] com.zaxxer.hikari.pool.HikariPool        : HikariPool-1 - Added connection com.mysql.cj.jdbc.ConnectionImpl@16a82a63
2023-10-17T08:26:02.383+05:30  INFO 25348 --- [restartedMain] com.zaxxer.hikari.HikariDataSource       : HikariPool-1 - Start completed.
2023-10-17T08:26:02.403+05:30  WARN 25348 --- [restartedMain] org.hibernate.orm.deprecation            : HHH90000026: MySQL8Dialect has been deprecated; use org.hibernate.dialect.MySQLDialect instead
2023-10-17T08:26:02.474+05:30  INFO 25348 --- [restartedMain] o.h.b.i.BytecodeProviderInitiator        : HHH000021: Bytecode provider name : bytebuddy
2023-10-17T08:26:02.764+05:30  INFO 25348 --- [restartedMain] o.h.e.t.j.p.i.JtaPlatformInitiator       : HHH000490: Using JtaPlatform implementation: [org.hibernate.engine.transaction.jta.platform.internal.NoJtaPlatform]
2023-10-17T08:26:02.827+05:30  INFO 25348 --- [restartedMain] j.LocalContainerEntityManagerFactoryBean : Initialized JPA EntityManagerFactory for persistence unit 'default'
2023-10-17T08:26:02.984+05:30  INFO 25348 --- [restartedMain] o.s.d.j.r.query.QueryEnhancerFactory     : Hibernate is in classpath; If applicable, HQL parser will be used.
2023-10-17T08:26:03.248+05:30  WARN 25348 --- [restartedMain] JpaBaseConfiguration$JpaWebConfiguration : spring.jpa.open-in-view is enabled by default. Therefore, database queries may be performed during view rendering. Explicitly configure spring.jpa.open-in-view to disable this warning
2023-10-17T08:26:03.418+05:30  INFO 25348 --- [restartedMain] o.s.s.web.DefaultSecurityFilterChain     : Will secure any request with [org.springframework.security.web.session.DisableEncodeUrlFilter@5733134b, org.springframework.security.web.context.request.async.WebAsyncManagerIntegrationFilter@26ed0075, org.springframework.security.web.context.SecurityContextHolderFilter@3a27988b, org.springframework.security.web.header.HeaderWriterFilter@31dff1d4, org.springframework.web.filter.CorsFilter@1a8432ca, org.springframework.security.web.authentication.logout.LogoutFilter@58a43b12, com.example.demo.config.JwtAuthenticationFilter@46ce8574, org.springframework.security.web.savedrequest.RequestCacheAwareFilter@2c0866cf, org.springframework.security.web.servletapi.SecurityContextHolderAwareRequestFilter@b0ef7ea, org.springframework.security.web.authentication.AnonymousAuthenticationFilter@7d59a8af, org.springframework.security.web.session.SessionManagementFilter@51d6dba5, org.springframework.security.web.access.ExceptionTranslationFilter@4dd3a4d1, org.springframework.security.web.access.intercept.AuthorizationFilter@66f79b8a]
2023-10-17T08:26:03.427+05:30  INFO 25348 --- [restartedMain] c.e.demo.aspect.AspectForException       : Method started: SuperApplication.run()
2023-10-17T08:26:03.552+05:30  INFO 25348 --- [restartedMain] o.s.b.d.a.OptionalLiveReloadServer       : LiveReload server is running on port 35729
2023-10-17T08:26:03.565+05:30  INFO 25348 --- [restartedMain] o.s.b.w.embedded.tomcat.TomcatWebServer  : Tomcat started on port(s): 8081 (http) with context path ''
2023-10-17T08:26:03.570+05:30  INFO 25348 --- [restartedMain] com.example.demo.SuperApplication        : Started SuperApplication in 2.422 seconds (process running for 2.612)
2023-10-17T08:27:08.322+05:30  INFO 25348 --- [http-nio-8081-exec-2] o.a.c.c.C.[Tomcat].[localhost].[/]       : Initializing Spring DispatcherServlet 'dispatcherServlet'
2023-10-17T08:27:08.323+05:30  INFO 25348 --- [http-nio-8081-exec-2] o.s.web.servlet.DispatcherServlet        : Initializing Servlet 'dispatcherServlet'
2023-10-17T08:27:08.325+05:30  INFO 25348 --- [http-nio-8081-exec-2] o.s.web.servlet.DispatcherServlet        : Completed initialization in 2 ms
2023-10-17T08:28:01.099+05:30  INFO 25348 --- [SpringApplicationShutdownHook] j.LocalContainerEntityManagerFactoryBean : Closing JPA EntityManagerFactory for persistence unit 'default'
2023-10-17T08:28:01.102+05:30  INFO 25348 --- [SpringApplicationShutdownHook] com.zaxxer.hikari.HikariDataSource       : HikariPool-1 - Shutdown initiated...
2023-10-17T08:28:01.106+05:30  INFO 25348 --- [SpringApplicationShutdownHook] com.zaxxer.hikari.HikariDataSource       : HikariPool-1 - Shutdown completed.
2023-10-17T08:28:02.874+05:30  INFO 25460 --- [restartedMain] com.example.demo.SuperApplication        : Starting SuperApplication using Java 20.0.2 with PID 25460 (/Users/naveenraja/Bringo2/java-spring-training-2023/super/target/classes started by naveenraja in /Users/naveenraja/Bringo2/java-spring-training-2023/super)
2023-10-17T08:28:02.874+05:30  INFO 25460 --- [restartedMain] com.example.demo.SuperApplication        : No active profile set, falling back to 1 default profile: "default"
2023-10-17T08:28:02.895+05:30  INFO 25460 --- [restartedMain] .e.DevToolsPropertyDefaultsPostProcessor : Devtools property defaults active! Set 'spring.devtools.add-properties' to 'false' to disable
2023-10-17T08:28:02.895+05:30  INFO 25460 --- [restartedMain] .e.DevToolsPropertyDefaultsPostProcessor : For additional web related logging consider setting the 'logging.level.web' property to 'DEBUG'
2023-10-17T08:28:03.168+05:30  INFO 25460 --- [restartedMain] .s.d.r.c.RepositoryConfigurationDelegate : Bootstrapping Spring Data JPA repositories in DEFAULT mode.
2023-10-17T08:28:03.197+05:30  INFO 25460 --- [restartedMain] .s.d.r.c.RepositoryConfigurationDelegate : Finished Spring Data repository scanning in 26 ms. Found 5 JPA repository interfaces.
2023-10-17T08:28:03.584+05:30  INFO 25460 --- [restartedMain] o.s.b.w.embedded.tomcat.TomcatWebServer  : Tomcat initialized with port(s): 8081 (http)
2023-10-17T08:28:03.589+05:30  INFO 25460 --- [restartedMain] o.apache.catalina.core.StandardService   : Starting service [Tomcat]
2023-10-17T08:28:03.589+05:30  INFO 25460 --- [restartedMain] o.apache.catalina.core.StandardEngine    : Starting Servlet engine: [Apache Tomcat/10.1.13]
2023-10-17T08:28:03.619+05:30  INFO 25460 --- [restartedMain] o.a.c.c.C.[Tomcat].[localhost].[/]       : Initializing Spring embedded WebApplicationContext
2023-10-17T08:28:03.620+05:30  INFO 25460 --- [restartedMain] w.s.c.ServletWebServerApplicationContext : Root WebApplicationContext: initialization completed in 725 ms
2023-10-17T08:28:03.699+05:30  INFO 25460 --- [restartedMain] o.hibernate.jpa.internal.util.LogHelper  : HHH000204: Processing PersistenceUnitInfo [name: default]
2023-10-17T08:28:03.721+05:30  INFO 25460 --- [restartedMain] org.hibernate.Version                    : HHH000412: Hibernate ORM core version 6.2.9.Final
2023-10-17T08:28:03.723+05:30  INFO 25460 --- [restartedMain] org.hibernate.cfg.Environment            : HHH000406: Using bytecode reflection optimizer
2023-10-17T08:28:03.766+05:30  INFO 25460 --- [restartedMain] o.h.b.i.BytecodeProviderInitiator        : HHH000021: Bytecode provider name : bytebuddy
2023-10-17T08:28:03.817+05:30  INFO 25460 --- [restartedMain] o.s.o.j.p.SpringPersistenceUnitInfo      : No LoadTimeWeaver setup: ignoring JPA class transformer
2023-10-17T08:28:03.825+05:30  INFO 25460 --- [restartedMain] com.zaxxer.hikari.HikariDataSource       : HikariPool-1 - Starting...
2023-10-17T08:28:03.964+05:30  INFO 25460 --- [restartedMain] com.zaxxer.hikari.pool.HikariPool        : HikariPool-1 - Added connection com.mysql.cj.jdbc.ConnectionImpl@772c18b7
2023-10-17T08:28:03.965+05:30  INFO 25460 --- [restartedMain] com.zaxxer.hikari.HikariDataSource       : HikariPool-1 - Start completed.
2023-10-17T08:28:03.983+05:30  WARN 25460 --- [restartedMain] org.hibernate.orm.deprecation            : HHH90000026: MySQL8Dialect has been deprecated; use org.hibernate.dialect.MySQLDialect instead
2023-10-17T08:28:04.062+05:30  INFO 25460 --- [restartedMain] o.h.b.i.BytecodeProviderInitiator        : HHH000021: Bytecode provider name : bytebuddy
2023-10-17T08:28:04.360+05:30  INFO 25460 --- [restartedMain] o.h.e.t.j.p.i.JtaPlatformInitiator       : HHH000490: Using JtaPlatform implementation: [org.hibernate.engine.transaction.jta.platform.internal.NoJtaPlatform]
2023-10-17T08:28:04.420+05:30  INFO 25460 --- [restartedMain] j.LocalContainerEntityManagerFactoryBean : Initialized JPA EntityManagerFactory for persistence unit 'default'
2023-10-17T08:28:04.576+05:30  INFO 25460 --- [restartedMain] o.s.d.j.r.query.QueryEnhancerFactory     : Hibernate is in classpath; If applicable, HQL parser will be used.
2023-10-17T08:28:04.848+05:30  WARN 25460 --- [restartedMain] JpaBaseConfiguration$JpaWebConfiguration : spring.jpa.open-in-view is enabled by default. Therefore, database queries may be performed during view rendering. Explicitly configure spring.jpa.open-in-view to disable this warning
2023-10-17T08:28:05.033+05:30  INFO 25460 --- [restartedMain] o.s.s.web.DefaultSecurityFilterChain     : Will secure any request with [org.springframework.security.web.session.DisableEncodeUrlFilter@3996ec1c, org.springframework.security.web.context.request.async.WebAsyncManagerIntegrationFilter@62ff13a3, org.springframework.security.web.context.SecurityContextHolderFilter@3a7a174a, org.springframework.security.web.header.HeaderWriterFilter@735c999d, org.springframework.web.filter.CorsFilter@41eb557c, org.springframework.security.web.authentication.logout.LogoutFilter@1f2c6e7, com.example.demo.config.JwtAuthenticationFilter@5dd7131c, org.springframework.security.web.savedrequest.RequestCacheAwareFilter@57da893f, org.springframework.security.web.servletapi.SecurityContextHolderAwareRequestFilter@2a7ae9d2, org.springframework.security.web.authentication.AnonymousAuthenticationFilter@5d2cc3d6, org.springframework.security.web.session.SessionManagementFilter@2ec5f446, org.springframework.security.web.access.ExceptionTranslationFilter@6110833c, org.springframework.security.web.access.intercept.AuthorizationFilter@4f945d53]
2023-10-17T08:28:05.042+05:30  INFO 25460 --- [restartedMain] c.e.demo.aspect.AspectForException       : Method started: SuperApplication.run()
2023-10-17T08:28:05.174+05:30  INFO 25460 --- [restartedMain] o.s.b.d.a.OptionalLiveReloadServer       : LiveReload server is running on port 35729
2023-10-17T08:28:05.188+05:30  INFO 25460 --- [restartedMain] o.s.b.w.embedded.tomcat.TomcatWebServer  : Tomcat started on port(s): 8081 (http) with context path ''
2023-10-17T08:28:05.194+05:30  INFO 25460 --- [restartedMain] com.example.demo.SuperApplication        : Started SuperApplication in 2.483 seconds (process running for 2.67)
2023-10-17T08:28:08.727+05:30  INFO 25460 --- [http-nio-8081-exec-2] o.a.c.c.C.[Tomcat].[localhost].[/]       : Initializing Spring DispatcherServlet 'dispatcherServlet'
2023-10-17T08:28:08.727+05:30  INFO 25460 --- [http-nio-8081-exec-2] o.s.web.servlet.DispatcherServlet        : Initializing Servlet 'dispatcherServlet'
2023-10-17T08:28:08.728+05:30  INFO 25460 --- [http-nio-8081-exec-2] o.s.web.servlet.DispatcherServlet        : Completed initialization in 1 ms
2023-10-17T08:28:08.833+05:30 ERROR 25460 --- [http-nio-8081-exec-2] c.e.demo.aspect.AspectForException       : Exception occurred in method: UserController.createResidentUser(..), Exception message: User already present or requested for approval
2023-10-17T08:28:08.845+05:30  WARN 25460 --- [http-nio-8081-exec-2] .m.m.a.ExceptionHandlerExceptionResolver : Resolved [com.example.demo.exception.HelperAppException: User already present or requested for approval]
2023-10-17T08:29:46.725+05:30 ERROR 25460 --- [http-nio-8081-exec-6] c.e.demo.aspect.AspectForException       : Exception occurred in method: UserController.createResidentUser(..), Exception message: User already present or requested for approval
2023-10-17T08:29:46.728+05:30  WARN 25460 --- [http-nio-8081-exec-6] .m.m.a.ExceptionHandlerExceptionResolver : Resolved [com.example.demo.exception.HelperAppException: User already present or requested for approval]
2023-10-17T08:29:51.727+05:30 ERROR 25460 --- [http-nio-8081-exec-8] c.e.demo.aspect.AspectForException       : Exception occurred in method: UserController.createResidentUser(..), Exception message: User already present or requested for approval
2023-10-17T08:29:51.730+05:30  WARN 25460 --- [http-nio-8081-exec-8] .m.m.a.ExceptionHandlerExceptionResolver : Resolved [com.example.demo.exception.HelperAppException: User already present or requested for approval]
2023-10-17T08:29:57.449+05:30 ERROR 25460 --- [http-nio-8081-exec-10] c.e.demo.aspect.AspectForException       : Exception occurred in method: UserController.createResidentUser(..), Exception message: Validation failed for classes [com.example.demo.entities.User] during persist time for groups [jakarta.validation.groups.Default, ]
List of constraint violations:[
	ConstraintViolationImpl{interpolatedMessage='Please provide a valid email', propertyPath=email, rootBeanClass=class com.example.demo.entities.User, messageTemplate='Please provide a valid email'}
	ConstraintViolationImpl{interpolatedMessage='Username must contain only letters ', propertyPath=firstName, rootBeanClass=class com.example.demo.entities.User, messageTemplate='Username must contain only letters '}
]
2023-10-17T08:29:57.453+05:30  WARN 25460 --- [http-nio-8081-exec-10] .m.m.a.ExceptionHandlerExceptionResolver : Resolved [jakarta.validation.ConstraintViolationException: Validation failed for classes [com.example.demo.entities.User] during persist time for groups [jakarta.validation.groups.Default, ]<EOL>List of constraint violations:[<EOL>?ConstraintViolationImpl{interpolatedMessage='Please provide a valid email', propertyPath=email, rootBeanClass=class com.example.demo.entities.User, messageTemplate='Please provide a valid email'}<EOL>?ConstraintViolationImpl{interpolatedMessage='Username must contain only letters ', propertyPath=firstName, rootBeanClass=class com.example.demo.entities.User, messageTemplate='Username must contain only letters '}<EOL>]]
2023-10-17T08:30:28.492+05:30  INFO 25460 --- [http-nio-8081-exec-2] c.e.demo.aspect.AspectForException       : Method finished: UserController.createResidentUser(..)
2023-10-17T08:31:05.489+05:30 ERROR 25460 --- [http-nio-8081-exec-3] c.e.demo.aspect.AspectForException       : Exception occurred in method: UserController.createHelperUser(..), Exception message: User already present or requested for approval
2023-10-17T08:31:05.490+05:30  WARN 25460 --- [http-nio-8081-exec-3] .m.m.a.ExceptionHandlerExceptionResolver : Resolved [com.example.demo.exception.HelperAppException: User already present or requested for approval]
2023-10-17T08:31:06.626+05:30 ERROR 25460 --- [http-nio-8081-exec-5] c.e.demo.aspect.AspectForException       : Exception occurred in method: UserController.createHelperUser(..), Exception message: User already present or requested for approval
2023-10-17T08:31:06.629+05:30  WARN 25460 --- [http-nio-8081-exec-5] .m.m.a.ExceptionHandlerExceptionResolver : Resolved [com.example.demo.exception.HelperAppException: User already present or requested for approval]
2023-10-17T08:31:15.116+05:30 ERROR 25460 --- [http-nio-8081-exec-7] c.e.demo.aspect.AspectForException       : Exception occurred in method: UserController.createHelperUser(..), Exception message: User already present or requested for approval
2023-10-17T08:31:15.118+05:30  WARN 25460 --- [http-nio-8081-exec-7] .m.m.a.ExceptionHandlerExceptionResolver : Resolved [com.example.demo.exception.HelperAppException: User already present or requested for approval]
2023-10-17T08:31:19.578+05:30 ERROR 25460 --- [http-nio-8081-exec-9] c.e.demo.aspect.AspectForException       : Exception occurred in method: UserController.createHelperUser(..), Exception message: Validation failed for classes [com.example.demo.entities.User] during persist time for groups [jakarta.validation.groups.Default, ]
List of constraint violations:[
	ConstraintViolationImpl{interpolatedMessage='Username must contain only letters ', propertyPath=firstName, rootBeanClass=class com.example.demo.entities.User, messageTemplate='Username must contain only letters '}
	ConstraintViolationImpl{interpolatedMessage='Please provide a valid email', propertyPath=email, rootBeanClass=class com.example.demo.entities.User, messageTemplate='Please provide a valid email'}
]
2023-10-17T08:31:19.579+05:30  WARN 25460 --- [http-nio-8081-exec-9] .m.m.a.ExceptionHandlerExceptionResolver : Resolved [jakarta.validation.ConstraintViolationException: Validation failed for classes [com.example.demo.entities.User] during persist time for groups [jakarta.validation.groups.Default, ]<EOL>List of constraint violations:[<EOL>?ConstraintViolationImpl{interpolatedMessage='Username must contain only letters ', propertyPath=firstName, rootBeanClass=class com.example.demo.entities.User, messageTemplate='Username must contain only letters '}<EOL>?ConstraintViolationImpl{interpolatedMessage='Please provide a valid email', propertyPath=email, rootBeanClass=class com.example.demo.entities.User, messageTemplate='Please provide a valid email'}<EOL>]]
2023-10-17T08:31:25.259+05:30 ERROR 25460 --- [http-nio-8081-exec-1] c.e.demo.aspect.AspectForException       : Exception occurred in method: UserController.createHelperUser(..), Exception message: Validation failed for classes [com.example.demo.entities.User] during persist time for groups [jakarta.validation.groups.Default, ]
List of constraint violations:[
	ConstraintViolationImpl{interpolatedMessage='Please provide a valid email', propertyPath=email, rootBeanClass=class com.example.demo.entities.User, messageTemplate='Please provide a valid email'}
]
2023-10-17T08:31:25.260+05:30  WARN 25460 --- [http-nio-8081-exec-1] .m.m.a.ExceptionHandlerExceptionResolver : Resolved [jakarta.validation.ConstraintViolationException: Validation failed for classes [com.example.demo.entities.User] during persist time for groups [jakarta.validation.groups.Default, ]<EOL>List of constraint violations:[<EOL>?ConstraintViolationImpl{interpolatedMessage='Please provide a valid email', propertyPath=email, rootBeanClass=class com.example.demo.entities.User, messageTemplate='Please provide a valid email'}<EOL>]]
2023-10-17T08:31:28.437+05:30 ERROR 25460 --- [http-nio-8081-exec-2] c.e.demo.aspect.AspectForException       : Exception occurred in method: UserController.createHelperUser(..), Exception message: Validation failed for classes [com.example.demo.entities.User] during persist time for groups [jakarta.validation.groups.Default, ]
List of constraint violations:[
	ConstraintViolationImpl{interpolatedMessage='Please provide a valid email', propertyPath=email, rootBeanClass=class com.example.demo.entities.User, messageTemplate='Please provide a valid email'}
	ConstraintViolationImpl{interpolatedMessage='Username must contain only letters ', propertyPath=firstName, rootBeanClass=class com.example.demo.entities.User, messageTemplate='Username must contain only letters '}
]
2023-10-17T08:31:28.437+05:30  WARN 25460 --- [http-nio-8081-exec-2] .m.m.a.ExceptionHandlerExceptionResolver : Resolved [jakarta.validation.ConstraintViolationException: Validation failed for classes [com.example.demo.entities.User] during persist time for groups [jakarta.validation.groups.Default, ]<EOL>List of constraint violations:[<EOL>?ConstraintViolationImpl{interpolatedMessage='Please provide a valid email', propertyPath=email, rootBeanClass=class com.example.demo.entities.User, messageTemplate='Please provide a valid email'}<EOL>?ConstraintViolationImpl{interpolatedMessage='Username must contain only letters ', propertyPath=firstName, rootBeanClass=class com.example.demo.entities.User, messageTemplate='Username must contain only letters '}<EOL>]]
2023-10-17T08:32:20.708+05:30  INFO 25460 --- [http-nio-8081-exec-5] c.e.demo.aspect.AspectForException       : Method finished: UserController.createHelperUser(..)
2023-10-17T08:32:50.268+05:30 ERROR 25460 --- [http-nio-8081-exec-6] c.e.demo.aspect.AspectForException       : Exception occurred in method: UserController.createHelperUser(..), Exception message: User already present or requested for approval
2023-10-17T08:32:50.271+05:30  WARN 25460 --- [http-nio-8081-exec-6] .m.m.a.ExceptionHandlerExceptionResolver : Resolved [com.example.demo.exception.HelperAppException: User already present or requested for approval]
2023-10-17T08:33:15.741+05:30 ERROR 25460 --- [http-nio-8081-exec-8] c.e.demo.aspect.AspectForException       : Exception occurred in method: UserController.createHelperUser(..), Exception message: User already present or requested for approval
2023-10-17T08:33:15.744+05:30  WARN 25460 --- [http-nio-8081-exec-8] .m.m.a.ExceptionHandlerExceptionResolver : Resolved [com.example.demo.exception.HelperAppException: User already present or requested for approval]
2023-10-17T08:33:18.518+05:30 ERROR 25460 --- [http-nio-8081-exec-10] c.e.demo.aspect.AspectForException       : Exception occurred in method: UserController.createResidentUser(..), Exception message: User already present or requested for approval
2023-10-17T08:33:18.521+05:30  WARN 25460 --- [http-nio-8081-exec-10] .m.m.a.ExceptionHandlerExceptionResolver : Resolved [com.example.demo.exception.HelperAppException: User already present or requested for approval]
2023-10-17T08:33:34.412+05:30  INFO 25460 --- [http-nio-8081-exec-3] c.e.demo.aspect.AspectForException       : Method finished: UserController.loginUser(..)
2023-10-17T08:33:35.412+05:30  INFO 25460 --- [http-nio-8081-exec-2] c.e.demo.aspect.AspectForException       : Method finished: UserController.loginUser(..)
2023-10-17T08:33:35.727+05:30  INFO 25460 --- [http-nio-8081-exec-4] c.e.demo.aspect.AspectForException       : Method finished: UserController.loginUser(..)
2023-10-17T08:33:36.476+05:30  INFO 25460 --- [http-nio-8081-exec-5] c.e.demo.aspect.AspectForException       : Method finished: UserController.loginUser(..)
2023-10-17T08:34:17.536+05:30  INFO 25460 --- [http-nio-8081-exec-6] c.e.demo.aspect.AspectForException       : Method finished: UserController.loginUser(..)
2023-10-17T08:34:18.590+05:30  INFO 25460 --- [http-nio-8081-exec-7] c.e.demo.aspect.AspectForException       : Method finished: UserController.loginUser(..)
2023-10-17T08:34:19.280+05:30  INFO 25460 --- [http-nio-8081-exec-8] c.e.demo.aspect.AspectForException       : Method finished: UserController.loginUser(..)
2023-10-17T08:34:19.994+05:30  INFO 25460 --- [http-nio-8081-exec-9] c.e.demo.aspect.AspectForException       : Method finished: UserController.loginUser(..)
2023-10-17T08:34:20.610+05:30  INFO 25460 --- [http-nio-8081-exec-10] c.e.demo.aspect.AspectForException       : Method finished: UserController.loginUser(..)
2023-10-17T08:34:21.188+05:30  INFO 25460 --- [http-nio-8081-exec-1] c.e.demo.aspect.AspectForException       : Method finished: UserController.loginUser(..)
2023-10-17T08:34:21.907+05:30  INFO 25460 --- [http-nio-8081-exec-3] c.e.demo.aspect.AspectForException       : Method finished: UserController.loginUser(..)
2023-10-17T08:34:22.721+05:30  INFO 25460 --- [http-nio-8081-exec-2] c.e.demo.aspect.AspectForException       : Method finished: UserController.loginUser(..)
2023-10-17T08:34:23.650+05:30  INFO 25460 --- [http-nio-8081-exec-4] c.e.demo.aspect.AspectForException       : Method finished: UserController.loginUser(..)
2023-10-17T08:34:24.687+05:30  INFO 25460 --- [http-nio-8081-exec-5] c.e.demo.aspect.AspectForException       : Method finished: UserController.loginUser(..)
2023-10-17T08:34:41.065+05:30 ERROR 25460 --- [http-nio-8081-exec-6] c.e.demo.aspect.AspectForException       : Exception occurred in method: UserController.loginUser(..), Exception message: Bad credentials
2023-10-17T08:34:54.561+05:30 ERROR 25460 --- [http-nio-8081-exec-7] c.e.demo.aspect.AspectForException       : Exception occurred in method: UserController.loginUser(..), Exception message: Bad credentials
2023-10-17T08:35:03.850+05:30 ERROR 25460 --- [http-nio-8081-exec-8] c.e.demo.aspect.AspectForException       : Exception occurred in method: UserController.loginUser(..), Exception message: Bad credentials
2023-10-17T08:35:08.256+05:30  INFO 25460 --- [http-nio-8081-exec-9] c.e.demo.aspect.AspectForException       : Method finished: UserController.loginUser(..)
2023-10-17T08:35:43.399+05:30 ERROR 25460 --- [http-nio-8081-exec-10] c.e.demo.aspect.AspectForException       : Exception occurred in method: UserController.createResidentUser(..), Exception message: User already present or requested for approval
2023-10-17T08:35:43.401+05:30  WARN 25460 --- [http-nio-8081-exec-10] .m.m.a.ExceptionHandlerExceptionResolver : Resolved [com.example.demo.exception.HelperAppException: User already present or requested for approval]
2023-10-17T08:35:43.424+05:30 ERROR 25460 --- [http-nio-8081-exec-3] c.e.demo.aspect.AspectForException       : Exception occurred in method: UserController.createHelperUser(..), Exception message: User already present or requested for approval
2023-10-17T08:35:43.425+05:30  WARN 25460 --- [http-nio-8081-exec-3] .m.m.a.ExceptionHandlerExceptionResolver : Resolved [com.example.demo.exception.HelperAppException: User already present or requested for approval]
2023-10-17T08:35:43.524+05:30  INFO 25460 --- [http-nio-8081-exec-4] c.e.demo.aspect.AspectForException       : Method finished: UserController.loginUser(..)
2023-10-17T08:36:19.834+05:30 ERROR 25460 --- [http-nio-8081-exec-5] c.e.demo.aspect.AspectForException       : Exception occurred in method: UserController.createResidentUser(..), Exception message: User already present or requested for approval
2023-10-17T08:36:19.838+05:30  WARN 25460 --- [http-nio-8081-exec-5] .m.m.a.ExceptionHandlerExceptionResolver : Resolved [com.example.demo.exception.HelperAppException: User already present or requested for approval]
2023-10-17T08:36:22.505+05:30 ERROR 25460 --- [http-nio-8081-exec-7] c.e.demo.aspect.AspectForException       : Exception occurred in method: UserController.createHelperUser(..), Exception message: User already present or requested for approval
2023-10-17T08:36:22.507+05:30  WARN 25460 --- [http-nio-8081-exec-7] .m.m.a.ExceptionHandlerExceptionResolver : Resolved [com.example.demo.exception.HelperAppException: User already present or requested for approval]
2023-10-17T08:36:25.786+05:30  INFO 25460 --- [http-nio-8081-exec-9] c.e.demo.aspect.AspectForException       : Method finished: UserController.loginUser(..)
2023-10-17T08:36:26.417+05:30  INFO 25460 --- [http-nio-8081-exec-10] c.e.demo.aspect.AspectForException       : Method finished: UserController.loginUser(..)
2023-10-17T08:37:07.458+05:30 ERROR 25460 --- [http-nio-8081-exec-3] c.e.demo.aspect.AspectForException       : Exception occurred in method: UserController.createResidentUser(..), Exception message: User already present or requested for approval
2023-10-17T08:37:07.460+05:30  WARN 25460 --- [http-nio-8081-exec-3] .m.m.a.ExceptionHandlerExceptionResolver : Resolved [com.example.demo.exception.HelperAppException: User already present or requested for approval]
2023-10-17T08:37:27.625+05:30 ERROR 25460 --- [http-nio-8081-exec-2] c.e.demo.aspect.AspectForException       : Exception occurred in method: UserController.createResidentUser(..), Exception message: User already present or requested for approval
2023-10-17T08:37:27.626+05:30  WARN 25460 --- [http-nio-8081-exec-2] .m.m.a.ExceptionHandlerExceptionResolver : Resolved [com.example.demo.exception.HelperAppException: User already present or requested for approval]
2023-10-17T08:37:27.648+05:30 ERROR 25460 --- [http-nio-8081-exec-6] c.e.demo.aspect.AspectForException       : Exception occurred in method: UserController.createHelperUser(..), Exception message: User already present or requested for approval
2023-10-17T08:37:27.649+05:30  WARN 25460 --- [http-nio-8081-exec-6] .m.m.a.ExceptionHandlerExceptionResolver : Resolved [com.example.demo.exception.HelperAppException: User already present or requested for approval]
2023-10-17T08:37:27.747+05:30  INFO 25460 --- [http-nio-8081-exec-8] c.e.demo.aspect.AspectForException       : Method finished: UserController.loginUser(..)
2023-10-17T08:43:12.518+05:30  INFO 25460 --- [File Watcher] rtingClassPathChangeChangedEventListener : Restarting due to 2 class path changes (0 additions, 2 deletions, 0 modifications)
2023-10-17T08:43:12.526+05:30  INFO 25460 --- [Thread-5] o.apache.catalina.core.StandardService   : Stopping service [Tomcat]
2023-10-17T08:43:12.527+05:30  INFO 25460 --- [Thread-5] o.a.c.c.C.[Tomcat].[localhost].[/]       : Destroying Spring FrameworkServlet 'dispatcherServlet'
2023-10-17T08:43:12.530+05:30  WARN 25460 --- [Thread-5] o.a.c.loader.WebappClassLoaderBase       : The web application [ROOT] appears to have started a thread named [HikariPool-1 housekeeper] but has failed to stop it. This is very likely to create a memory leak. Stack trace of thread:
 java.base/jdk.internal.misc.Unsafe.park(Native Method)
 java.base/java.util.concurrent.locks.LockSupport.parkNanos(LockSupport.java:269)
 java.base/java.util.concurrent.locks.AbstractQueuedSynchronizer$ConditionObject.awaitNanos(AbstractQueuedSynchronizer.java:1758)
 java.base/java.util.concurrent.ScheduledThreadPoolExecutor$DelayedWorkQueue.take(ScheduledThreadPoolExecutor.java:1182)
 java.base/java.util.concurrent.ScheduledThreadPoolExecutor$DelayedWorkQueue.take(ScheduledThreadPoolExecutor.java:899)
 java.base/java.util.concurrent.ThreadPoolExecutor.getTask(ThreadPoolExecutor.java:1070)
 java.base/java.util.concurrent.ThreadPoolExecutor.runWorker(ThreadPoolExecutor.java:1130)
 java.base/java.util.concurrent.ThreadPoolExecutor$Worker.run(ThreadPoolExecutor.java:642)
 java.base/java.lang.Thread.run(Thread.java:1623)
2023-10-17T08:43:12.534+05:30  INFO 25460 --- [Thread-5] j.LocalContainerEntityManagerFactoryBean : Closing JPA EntityManagerFactory for persistence unit 'default'
2023-10-17T08:43:12.537+05:30  INFO 25460 --- [Thread-5] com.zaxxer.hikari.HikariDataSource       : HikariPool-1 - Shutdown initiated...
2023-10-17T08:43:12.542+05:30  INFO 25460 --- [Thread-5] com.zaxxer.hikari.HikariDataSource       : HikariPool-1 - Shutdown completed.
2023-10-17T08:43:12.596+05:30  INFO 25460 --- [restartedMain] com.example.demo.SuperApplication        : Starting SuperApplication using Java 20.0.2 with PID 25460 (/Users/naveenraja/Bringo2/java-spring-training-2023/super/target/classes started by naveenraja in /Users/naveenraja/Bringo2/java-spring-training-2023/super)
2023-10-17T08:43:12.597+05:30  INFO 25460 --- [restartedMain] com.example.demo.SuperApplication        : No active profile set, falling back to 1 default profile: "default"
2023-10-17T08:43:12.664+05:30  INFO 25460 --- [restartedMain] .s.d.r.c.RepositoryConfigurationDelegate : Bootstrapping Spring Data JPA repositories in DEFAULT mode.
2023-10-17T08:43:12.673+05:30  INFO 25460 --- [restartedMain] .s.d.r.c.RepositoryConfigurationDelegate : Finished Spring Data repository scanning in 8 ms. Found 5 JPA repository interfaces.
2023-10-17T08:43:12.760+05:30  INFO 25460 --- [restartedMain] o.s.b.w.embedded.tomcat.TomcatWebServer  : Tomcat initialized with port(s): 8081 (http)
2023-10-17T08:43:12.761+05:30  INFO 25460 --- [restartedMain] o.apache.catalina.core.StandardService   : Starting service [Tomcat]
2023-10-17T08:43:12.761+05:30  INFO 25460 --- [restartedMain] o.apache.catalina.core.StandardEngine    : Starting Servlet engine: [Apache Tomcat/10.1.13]
2023-10-17T08:43:12.767+05:30  INFO 25460 --- [restartedMain] o.a.c.c.C.[Tomcat].[localhost].[/]       : Initializing Spring embedded WebApplicationContext
2023-10-17T08:43:12.767+05:30  INFO 25460 --- [restartedMain] w.s.c.ServletWebServerApplicationContext : Root WebApplicationContext: initialization completed in 169 ms
2023-10-17T08:43:12.803+05:30  INFO 25460 --- [restartedMain] o.hibernate.jpa.internal.util.LogHelper  : HHH000204: Processing PersistenceUnitInfo [name: default]
2023-10-17T08:43:12.805+05:30  INFO 25460 --- [restartedMain] o.h.b.i.BytecodeProviderInitiator        : HHH000021: Bytecode provider name : bytebuddy
2023-10-17T08:43:12.805+05:30  INFO 25460 --- [restartedMain] o.s.o.j.p.SpringPersistenceUnitInfo      : No LoadTimeWeaver setup: ignoring JPA class transformer
2023-10-17T08:43:12.805+05:30  INFO 25460 --- [restartedMain] com.zaxxer.hikari.HikariDataSource       : HikariPool-2 - Starting...
2023-10-17T08:43:12.822+05:30  INFO 25460 --- [restartedMain] com.zaxxer.hikari.pool.HikariPool        : HikariPool-2 - Added connection com.mysql.cj.jdbc.ConnectionImpl@446928e4
2023-10-17T08:43:12.822+05:30  INFO 25460 --- [restartedMain] com.zaxxer.hikari.HikariDataSource       : HikariPool-2 - Start completed.
2023-10-17T08:43:12.822+05:30  WARN 25460 --- [restartedMain] org.hibernate.orm.deprecation            : HHH90000026: MySQL8Dialect has been deprecated; use org.hibernate.dialect.MySQLDialect instead
2023-10-17T08:43:12.830+05:30  INFO 25460 --- [restartedMain] o.h.b.i.BytecodeProviderInitiator        : HHH000021: Bytecode provider name : bytebuddy
2023-10-17T08:43:12.863+05:30  INFO 25460 --- [restartedMain] o.h.e.t.j.p.i.JtaPlatformInitiator       : HHH000490: Using JtaPlatform implementation: [org.hibernate.engine.transaction.jta.platform.internal.NoJtaPlatform]
2023-10-17T08:43:12.903+05:30  INFO 25460 --- [restartedMain] j.LocalContainerEntityManagerFactoryBean : Initialized JPA EntityManagerFactory for persistence unit 'default'
2023-10-17T08:43:13.074+05:30  WARN 25460 --- [restartedMain] JpaBaseConfiguration$JpaWebConfiguration : spring.jpa.open-in-view is enabled by default. Therefore, database queries may be performed during view rendering. Explicitly configure spring.jpa.open-in-view to disable this warning
2023-10-17T08:43:13.144+05:30  INFO 25460 --- [restartedMain] o.s.s.web.DefaultSecurityFilterChain     : Will secure any request with [org.springframework.security.web.session.DisableEncodeUrlFilter@2d859efd, org.springframework.security.web.context.request.async.WebAsyncManagerIntegrationFilter@78fba8d0, org.springframework.security.web.context.SecurityContextHolderFilter@69dc6241, org.springframework.security.web.header.HeaderWriterFilter@347e0b39, org.springframework.web.filter.CorsFilter@78adab84, org.springframework.security.web.authentication.logout.LogoutFilter@cab2015, com.example.demo.config.JwtAuthenticationFilter@443579dd, org.springframework.security.web.savedrequest.RequestCacheAwareFilter@313bc85, org.springframework.security.web.servletapi.SecurityContextHolderAwareRequestFilter@4770481d, org.springframework.security.web.authentication.AnonymousAuthenticationFilter@1170f005, org.springframework.security.web.session.SessionManagementFilter@138a5a9a, org.springframework.security.web.access.ExceptionTranslationFilter@47d5be09, org.springframework.security.web.access.intercept.AuthorizationFilter@5737d064]
2023-10-17T08:43:13.147+05:30  INFO 25460 --- [restartedMain] c.e.demo.aspect.AspectForException       : Method started: SuperApplication.run()
2023-10-17T08:43:13.201+05:30  INFO 25460 --- [restartedMain] o.s.b.d.a.OptionalLiveReloadServer       : LiveReload server is running on port 35729
2023-10-17T08:43:13.204+05:30  INFO 25460 --- [restartedMain] o.s.b.w.embedded.tomcat.TomcatWebServer  : Tomcat started on port(s): 8081 (http) with context path ''
2023-10-17T08:43:13.206+05:30  INFO 25460 --- [restartedMain] com.example.demo.SuperApplication        : Started SuperApplication in 0.621 seconds (process running for 910.683)
2023-10-17T08:43:13.206+05:30  INFO 25460 --- [restartedMain] .ConditionEvaluationDeltaLoggingListener : Condition evaluation unchanged
2023-10-17T08:43:14.629+05:30  INFO 25460 --- [File Watcher] rtingClassPathChangeChangedEventListener : Restarting due to 2 class path changes (2 additions, 0 deletions, 0 modifications)
2023-10-17T08:43:14.633+05:30  INFO 25460 --- [Thread-7] o.apache.catalina.core.StandardService   : Stopping service [Tomcat]
2023-10-17T08:43:14.635+05:30  WARN 25460 --- [Thread-7] o.a.c.loader.WebappClassLoaderBase       : The web application [ROOT] appears to have started a thread named [HikariPool-2 housekeeper] but has failed to stop it. This is very likely to create a memory leak. Stack trace of thread:
 java.base/jdk.internal.misc.Unsafe.park(Native Method)
 java.base/java.util.concurrent.locks.LockSupport.parkNanos(LockSupport.java:269)
 java.base/java.util.concurrent.locks.AbstractQueuedSynchronizer$ConditionObject.awaitNanos(AbstractQueuedSynchronizer.java:1758)
 java.base/java.util.concurrent.ScheduledThreadPoolExecutor$DelayedWorkQueue.take(ScheduledThreadPoolExecutor.java:1182)
 java.base/java.util.concurrent.ScheduledThreadPoolExecutor$DelayedWorkQueue.take(ScheduledThreadPoolExecutor.java:899)
 java.base/java.util.concurrent.ThreadPoolExecutor.getTask(ThreadPoolExecutor.java:1070)
 java.base/java.util.concurrent.ThreadPoolExecutor.runWorker(ThreadPoolExecutor.java:1130)
 java.base/java.util.concurrent.ThreadPoolExecutor$Worker.run(ThreadPoolExecutor.java:642)
 java.base/java.lang.Thread.run(Thread.java:1623)
2023-10-17T08:43:14.635+05:30  WARN 25460 --- [Thread-7] o.a.c.loader.WebappClassLoaderBase       : The web application [ROOT] appears to have started a thread named [HikariPool-2 connection adder] but has failed to stop it. This is very likely to create a memory leak. Stack trace of thread:
 java.base/jdk.internal.misc.Unsafe.park(Native Method)
 java.base/java.util.concurrent.locks.LockSupport.parkNanos(LockSupport.java:269)
 java.base/java.util.concurrent.locks.AbstractQueuedSynchronizer$ConditionObject.awaitNanos(AbstractQueuedSynchronizer.java:1758)
 java.base/java.util.concurrent.LinkedBlockingQueue.poll(LinkedBlockingQueue.java:460)
 java.base/java.util.concurrent.ThreadPoolExecutor.getTask(ThreadPoolExecutor.java:1069)
 java.base/java.util.concurrent.ThreadPoolExecutor.runWorker(ThreadPoolExecutor.java:1130)
 java.base/java.util.concurrent.ThreadPoolExecutor$Worker.run(ThreadPoolExecutor.java:642)
 java.base/java.lang.Thread.run(Thread.java:1623)
2023-10-17T08:43:14.639+05:30  INFO 25460 --- [Thread-7] j.LocalContainerEntityManagerFactoryBean : Closing JPA EntityManagerFactory for persistence unit 'default'
2023-10-17T08:43:14.640+05:30  INFO 25460 --- [Thread-7] com.zaxxer.hikari.HikariDataSource       : HikariPool-2 - Shutdown initiated...
2023-10-17T08:43:14.643+05:30  INFO 25460 --- [Thread-7] com.zaxxer.hikari.HikariDataSource       : HikariPool-2 - Shutdown completed.
2023-10-17T08:43:14.684+05:30  INFO 25460 --- [restartedMain] com.example.demo.SuperApplication        : Starting SuperApplication using Java 20.0.2 with PID 25460 (/Users/naveenraja/Bringo2/java-spring-training-2023/super/target/classes started by naveenraja in /Users/naveenraja/Bringo2/java-spring-training-2023/super)
2023-10-17T08:43:14.684+05:30  INFO 25460 --- [restartedMain] com.example.demo.SuperApplication        : No active profile set, falling back to 1 default profile: "default"
2023-10-17T08:43:14.734+05:30  INFO 25460 --- [restartedMain] .s.d.r.c.RepositoryConfigurationDelegate : Bootstrapping Spring Data JPA repositories in DEFAULT mode.
2023-10-17T08:43:14.740+05:30  INFO 25460 --- [restartedMain] .s.d.r.c.RepositoryConfigurationDelegate : Finished Spring Data repository scanning in 6 ms. Found 5 JPA repository interfaces.
2023-10-17T08:43:14.791+05:30  INFO 25460 --- [restartedMain] o.s.b.w.embedded.tomcat.TomcatWebServer  : Tomcat initialized with port(s): 8081 (http)
2023-10-17T08:43:14.791+05:30  INFO 25460 --- [restartedMain] o.apache.catalina.core.StandardService   : Starting service [Tomcat]
2023-10-17T08:43:14.791+05:30  INFO 25460 --- [restartedMain] o.apache.catalina.core.StandardEngine    : Starting Servlet engine: [Apache Tomcat/10.1.13]
2023-10-17T08:43:14.796+05:30  INFO 25460 --- [restartedMain] o.a.c.c.C.[Tomcat].[localhost].[/]       : Initializing Spring embedded WebApplicationContext
2023-10-17T08:43:14.796+05:30  INFO 25460 --- [restartedMain] w.s.c.ServletWebServerApplicationContext : Root WebApplicationContext: initialization completed in 111 ms
2023-10-17T08:43:14.818+05:30  INFO 25460 --- [restartedMain] o.hibernate.jpa.internal.util.LogHelper  : HHH000204: Processing PersistenceUnitInfo [name: default]
2023-10-17T08:43:14.820+05:30  INFO 25460 --- [restartedMain] o.h.b.i.BytecodeProviderInitiator        : HHH000021: Bytecode provider name : bytebuddy
2023-10-17T08:43:14.820+05:30  INFO 25460 --- [restartedMain] o.s.o.j.p.SpringPersistenceUnitInfo      : No LoadTimeWeaver setup: ignoring JPA class transformer
2023-10-17T08:43:14.820+05:30  INFO 25460 --- [restartedMain] com.zaxxer.hikari.HikariDataSource       : HikariPool-3 - Starting...
2023-10-17T08:43:14.828+05:30  INFO 25460 --- [restartedMain] com.zaxxer.hikari.pool.HikariPool        : HikariPool-3 - Added connection com.mysql.cj.jdbc.ConnectionImpl@757c46f4
2023-10-17T08:43:14.828+05:30  INFO 25460 --- [restartedMain] com.zaxxer.hikari.HikariDataSource       : HikariPool-3 - Start completed.
2023-10-17T08:43:14.829+05:30  WARN 25460 --- [restartedMain] org.hibernate.orm.deprecation            : HHH90000026: MySQL8Dialect has been deprecated; use org.hibernate.dialect.MySQLDialect instead
2023-10-17T08:43:14.835+05:30  INFO 25460 --- [restartedMain] o.h.b.i.BytecodeProviderInitiator        : HHH000021: Bytecode provider name : bytebuddy
2023-10-17T08:43:14.863+05:30  INFO 25460 --- [restartedMain] o.h.e.t.j.p.i.JtaPlatformInitiator       : HHH000490: Using JtaPlatform implementation: [org.hibernate.engine.transaction.jta.platform.internal.NoJtaPlatform]
2023-10-17T08:43:14.897+05:30  INFO 25460 --- [restartedMain] j.LocalContainerEntityManagerFactoryBean : Initialized JPA EntityManagerFactory for persistence unit 'default'
2023-10-17T08:43:15.064+05:30  WARN 25460 --- [restartedMain] JpaBaseConfiguration$JpaWebConfiguration : spring.jpa.open-in-view is enabled by default. Therefore, database queries may be performed during view rendering. Explicitly configure spring.jpa.open-in-view to disable this warning
2023-10-17T08:43:15.136+05:30  INFO 25460 --- [restartedMain] o.s.s.web.DefaultSecurityFilterChain     : Will secure any request with [org.springframework.security.web.session.DisableEncodeUrlFilter@1acb2267, org.springframework.security.web.context.request.async.WebAsyncManagerIntegrationFilter@433a6c06, org.springframework.security.web.context.SecurityContextHolderFilter@72820cd9, org.springframework.security.web.header.HeaderWriterFilter@78743923, org.springframework.web.filter.CorsFilter@343e40b0, org.springframework.security.web.authentication.logout.LogoutFilter@6d469dcd, com.example.demo.config.JwtAuthenticationFilter@4d64a23f, org.springframework.security.web.savedrequest.RequestCacheAwareFilter@5fb74b78, org.springframework.security.web.servletapi.SecurityContextHolderAwareRequestFilter@6d3cc8c, org.springframework.security.web.authentication.AnonymousAuthenticationFilter@23244e0d, org.springframework.security.web.session.SessionManagementFilter@5f4aca14, org.springframework.security.web.access.ExceptionTranslationFilter@2311d120, org.springframework.security.web.access.intercept.AuthorizationFilter@10e0edaf]
2023-10-17T08:43:15.139+05:30  INFO 25460 --- [restartedMain] c.e.demo.aspect.AspectForException       : Method started: SuperApplication.run()
2023-10-17T08:43:15.196+05:30  INFO 25460 --- [restartedMain] o.s.b.d.a.OptionalLiveReloadServer       : LiveReload server is running on port 35729
2023-10-17T08:43:15.199+05:30  INFO 25460 --- [restartedMain] o.s.b.w.embedded.tomcat.TomcatWebServer  : Tomcat started on port(s): 8081 (http) with context path ''
2023-10-17T08:43:15.200+05:30  INFO 25460 --- [restartedMain] com.example.demo.SuperApplication        : Started SuperApplication in 0.525 seconds (process running for 912.678)
2023-10-17T08:43:15.201+05:30  INFO 25460 --- [restartedMain] .ConditionEvaluationDeltaLoggingListener : Condition evaluation unchanged
2023-10-17T08:47:31.322+05:30  INFO 25460 --- [File Watcher] rtingClassPathChangeChangedEventListener : Restarting due to 1 class path change (0 additions, 0 deletions, 1 modification)
2023-10-17T08:47:31.324+05:30  INFO 25460 --- [Thread-11] o.apache.catalina.core.StandardService   : Stopping service [Tomcat]
2023-10-17T08:47:31.325+05:30  WARN 25460 --- [Thread-11] o.a.c.loader.WebappClassLoaderBase       : The web application [ROOT] appears to have started a thread named [HikariPool-3 housekeeper] but has failed to stop it. This is very likely to create a memory leak. Stack trace of thread:
 java.base/jdk.internal.misc.Unsafe.park(Native Method)
 java.base/java.util.concurrent.locks.LockSupport.parkNanos(LockSupport.java:269)
 java.base/java.util.concurrent.locks.AbstractQueuedSynchronizer$ConditionObject.awaitNanos(AbstractQueuedSynchronizer.java:1758)
 java.base/java.util.concurrent.ScheduledThreadPoolExecutor$DelayedWorkQueue.take(ScheduledThreadPoolExecutor.java:1182)
 java.base/java.util.concurrent.ScheduledThreadPoolExecutor$DelayedWorkQueue.take(ScheduledThreadPoolExecutor.java:899)
 java.base/java.util.concurrent.ThreadPoolExecutor.getTask(ThreadPoolExecutor.java:1070)
 java.base/java.util.concurrent.ThreadPoolExecutor.runWorker(ThreadPoolExecutor.java:1130)
 java.base/java.util.concurrent.ThreadPoolExecutor$Worker.run(ThreadPoolExecutor.java:642)
 java.base/java.lang.Thread.run(Thread.java:1623)
2023-10-17T08:47:31.327+05:30  INFO 25460 --- [Thread-11] j.LocalContainerEntityManagerFactoryBean : Closing JPA EntityManagerFactory for persistence unit 'default'
2023-10-17T08:47:31.327+05:30  INFO 25460 --- [Thread-11] com.zaxxer.hikari.HikariDataSource       : HikariPool-3 - Shutdown initiated...
2023-10-17T08:47:31.329+05:30  INFO 25460 --- [Thread-11] com.zaxxer.hikari.HikariDataSource       : HikariPool-3 - Shutdown completed.
2023-10-17T08:47:31.364+05:30  INFO 25460 --- [restartedMain] com.example.demo.SuperApplication        : Starting SuperApplication using Java 20.0.2 with PID 25460 (/Users/naveenraja/Bringo2/java-spring-training-2023/super/target/classes started by naveenraja in /Users/naveenraja/Bringo2/java-spring-training-2023/super)
2023-10-17T08:47:31.364+05:30  INFO 25460 --- [restartedMain] com.example.demo.SuperApplication        : No active profile set, falling back to 1 default profile: "default"
2023-10-17T08:47:31.415+05:30  INFO 25460 --- [restartedMain] .s.d.r.c.RepositoryConfigurationDelegate : Bootstrapping Spring Data JPA repositories in DEFAULT mode.
2023-10-17T08:47:31.422+05:30  INFO 25460 --- [restartedMain] .s.d.r.c.RepositoryConfigurationDelegate : Finished Spring Data repository scanning in 6 ms. Found 5 JPA repository interfaces.
2023-10-17T08:47:31.466+05:30  INFO 25460 --- [restartedMain] o.s.b.w.embedded.tomcat.TomcatWebServer  : Tomcat initialized with port(s): 8081 (http)
2023-10-17T08:47:31.466+05:30  INFO 25460 --- [restartedMain] o.apache.catalina.core.StandardService   : Starting service [Tomcat]
2023-10-17T08:47:31.466+05:30  INFO 25460 --- [restartedMain] o.apache.catalina.core.StandardEngine    : Starting Servlet engine: [Apache Tomcat/10.1.13]
2023-10-17T08:47:31.471+05:30  INFO 25460 --- [restartedMain] o.a.c.c.C.[Tomcat].[localhost].[/]       : Initializing Spring embedded WebApplicationContext
2023-10-17T08:47:31.471+05:30  INFO 25460 --- [restartedMain] w.s.c.ServletWebServerApplicationContext : Root WebApplicationContext: initialization completed in 106 ms
2023-10-17T08:47:31.489+05:30  INFO 25460 --- [restartedMain] o.hibernate.jpa.internal.util.LogHelper  : HHH000204: Processing PersistenceUnitInfo [name: default]
2023-10-17T08:47:31.490+05:30  INFO 25460 --- [restartedMain] o.h.b.i.BytecodeProviderInitiator        : HHH000021: Bytecode provider name : bytebuddy
2023-10-17T08:47:31.490+05:30  INFO 25460 --- [restartedMain] o.s.o.j.p.SpringPersistenceUnitInfo      : No LoadTimeWeaver setup: ignoring JPA class transformer
2023-10-17T08:47:31.490+05:30  INFO 25460 --- [restartedMain] com.zaxxer.hikari.HikariDataSource       : HikariPool-4 - Starting...
2023-10-17T08:47:31.502+05:30  INFO 25460 --- [restartedMain] com.zaxxer.hikari.pool.HikariPool        : HikariPool-4 - Added connection com.mysql.cj.jdbc.ConnectionImpl@36767b91
2023-10-17T08:47:31.502+05:30  INFO 25460 --- [restartedMain] com.zaxxer.hikari.HikariDataSource       : HikariPool-4 - Start completed.
2023-10-17T08:47:31.503+05:30  WARN 25460 --- [restartedMain] org.hibernate.orm.deprecation            : HHH90000026: MySQL8Dialect has been deprecated; use org.hibernate.dialect.MySQLDialect instead
2023-10-17T08:47:31.509+05:30  INFO 25460 --- [restartedMain] o.h.b.i.BytecodeProviderInitiator        : HHH000021: Bytecode provider name : bytebuddy
2023-10-17T08:47:31.536+05:30  INFO 25460 --- [restartedMain] o.h.e.t.j.p.i.JtaPlatformInitiator       : HHH000490: Using JtaPlatform implementation: [org.hibernate.engine.transaction.jta.platform.internal.NoJtaPlatform]
2023-10-17T08:47:31.573+05:30  INFO 25460 --- [restartedMain] j.LocalContainerEntityManagerFactoryBean : Initialized JPA EntityManagerFactory for persistence unit 'default'
2023-10-17T08:47:31.706+05:30  WARN 25460 --- [restartedMain] JpaBaseConfiguration$JpaWebConfiguration : spring.jpa.open-in-view is enabled by default. Therefore, database queries may be performed during view rendering. Explicitly configure spring.jpa.open-in-view to disable this warning
2023-10-17T08:47:31.762+05:30  INFO 25460 --- [restartedMain] o.s.s.web.DefaultSecurityFilterChain     : Will secure any request with [org.springframework.security.web.session.DisableEncodeUrlFilter@e8db7f4, org.springframework.security.web.context.request.async.WebAsyncManagerIntegrationFilter@2f6cefdb, org.springframework.security.web.context.SecurityContextHolderFilter@b59ae03, org.springframework.security.web.header.HeaderWriterFilter@54ccb4c8, org.springframework.web.filter.CorsFilter@a6c75f2, org.springframework.security.web.authentication.logout.LogoutFilter@784b3177, com.example.demo.config.JwtAuthenticationFilter@5ceb7fe4, org.springframework.security.web.savedrequest.RequestCacheAwareFilter@7643a2a2, org.springframework.security.web.servletapi.SecurityContextHolderAwareRequestFilter@47182256, org.springframework.security.web.authentication.AnonymousAuthenticationFilter@4d57e89b, org.springframework.security.web.session.SessionManagementFilter@6a327ee5, org.springframework.security.web.access.ExceptionTranslationFilter@6ab2fab0, org.springframework.security.web.access.intercept.AuthorizationFilter@15fa50d4]
2023-10-17T08:47:31.765+05:30  INFO 25460 --- [restartedMain] c.e.demo.aspect.AspectForException       : Method started: SuperApplication.run()
2023-10-17T08:47:31.807+05:30  INFO 25460 --- [restartedMain] o.s.b.d.a.OptionalLiveReloadServer       : LiveReload server is running on port 35729
2023-10-17T08:47:31.810+05:30  INFO 25460 --- [restartedMain] o.s.b.w.embedded.tomcat.TomcatWebServer  : Tomcat started on port(s): 8081 (http) with context path ''
2023-10-17T08:47:31.811+05:30  INFO 25460 --- [restartedMain] com.example.demo.SuperApplication        : Started SuperApplication in 0.455 seconds (process running for 1169.289)
2023-10-17T08:47:31.812+05:30  INFO 25460 --- [restartedMain] .ConditionEvaluationDeltaLoggingListener : Condition evaluation unchanged
2023-10-17T08:51:29.357+05:30  INFO 25460 --- [SpringApplicationShutdownHook] j.LocalContainerEntityManagerFactoryBean : Closing JPA EntityManagerFactory for persistence unit 'default'
2023-10-17T08:51:29.358+05:30  INFO 25460 --- [SpringApplicationShutdownHook] com.zaxxer.hikari.HikariDataSource       : HikariPool-4 - Shutdown initiated...
2023-10-17T08:51:29.361+05:30  INFO 25460 --- [SpringApplicationShutdownHook] com.zaxxer.hikari.HikariDataSource       : HikariPool-4 - Shutdown completed.
